Time resolution is 1 ps
$finish called at time : 5900 ns : File "C:/Verilog/vivado/project_2/project_2.srcs/sources_1/imports/FPGA_project/tb_calculator.v" Line 54
$finish called at time : 5900 ns : File "C:/Verilog/vivado/project_2/project_2.srcs/sources_1/imports/FPGA_project/tb_calculator.v" Line 54
Stopped at time : 0 fs : File "C:/Verilog/vivado/project_2/project_2.srcs/sources_1/imports/FPGA_project/keypad_driver.v" Line 169
Stopped at time : 0 fs : File "C:/Verilog/vivado/project_2/project_2.srcs/sources_1/imports/FPGA_project/keypad_driver.v" Line 179
Stopped at time : 0 fs : File "C:/Verilog/vivado/project_2/project_2.srcs/sources_1/imports/FPGA_project/tb_calculator.v" Line 15
Stopped at time : 0 fs : File "C:/Verilog/vivado/project_2/project_2.srcs/sources_1/imports/FPGA_project/tb_calculator.v" Line 15
Stopped at time : 0 fs : File "C:/Verilog/vivado/project_2/project_2.srcs/sources_1/imports/FPGA_project/keypad_driver.v" Line 169
Stopped at time : 10 ns : File "C:/Verilog/vivado/project_2/project_2.srcs/sources_1/imports/FPGA_project/tb_calculator.v" Line 15
Stopped at time : 10 ns : File "C:/Verilog/vivado/project_2/project_2.srcs/sources_1/imports/FPGA_project/tb_calculator.v" Line 15
Stopped at time : 10 ns : File "C:/Verilog/vivado/project_2/project_2.srcs/sources_1/imports/FPGA_project/tb_calculator.v" Line 15
Stopped at time : 10 ns : File "C:/Verilog/vivado/project_2/project_2.sim/sim_1/behav/xsim/glbl.v" Line 78
Stopped at time : 10 ns : File "C:/Verilog/vivado/project_2/project_2.sim/sim_1/behav/xsim/glbl.v" Line 79
Stopped at time : 10 ns : File "C:/Verilog/vivado/project_2/project_2.srcs/sources_1/imports/FPGA_project/keypad_driver.v" Line 179
Stopped at time : 20 ns : File "C:/Verilog/vivado/project_2/project_2.srcs/sources_1/imports/FPGA_project/tb_calculator.v" Line 15
Stopped at time : 20 ns : File "C:/Verilog/vivado/project_2/project_2.srcs/sources_1/imports/FPGA_project/tb_calculator.v" Line 15
Stopped at time : 20 ns : File "C:/Verilog/vivado/project_2/project_2.srcs/sources_1/imports/FPGA_project/tb_calculator.v" Line 15
Stopped at time : 20 ns : File "C:/Verilog/vivado/project_2/project_2.sim/sim_1/behav/xsim/glbl.v" Line 80
Stopped at time : 30 ns : File "C:/Verilog/vivado/project_2/project_2.srcs/sources_1/imports/FPGA_project/tb_calculator.v" Line 15
Stopped at time : 0 fs : File "C:/Verilog/vivado/project_2/project_2.srcs/sources_1/imports/FPGA_project/keypad_driver.v" Line 169
Stopped at time : 0 fs : File "C:/Verilog/vivado/project_2/project_2.srcs/sources_1/imports/FPGA_project/keypad_driver.v" Line 179
Stopped at time : 0 fs : File "C:/Verilog/vivado/project_2/project_2.srcs/sources_1/imports/FPGA_project/tb_calculator.v" Line 15
Stopped at time : 0 fs : File "C:/Verilog/vivado/project_2/project_2.srcs/sources_1/imports/FPGA_project/tb_calculator.v" Line 15
Stopped at time : 0 fs : File "C:/Verilog/vivado/project_2/project_2.srcs/sources_1/imports/FPGA_project/keypad_driver.v" Line 59
Stopped at time : 0 fs : File "C:/Verilog/vivado/project_2/project_2.srcs/sources_1/imports/FPGA_project/keypad_driver.v" Line 163
Stopped at time : 0 fs : File "C:/Verilog/vivado/project_2/project_2.srcs/sources_1/imports/FPGA_project/keypad_driver.v" Line 171
Stopped at time : 0 fs : File "C:/Verilog/vivado/project_2/project_2.srcs/sources_1/imports/FPGA_project/keypad_driver.v" Line 172
Stopped at time : 0 fs : File "C:/Verilog/vivado/project_2/project_2.srcs/sources_1/imports/FPGA_project/keypad_driver.v" Line 173
Stopped at time : 0 fs : File "C:/Verilog/vivado/project_2/project_2.srcs/sources_1/imports/FPGA_project/keypad_driver.v" Line 174
Stopped at time : 0 fs : File "C:/Verilog/vivado/project_2/project_2.srcs/sources_1/imports/FPGA_project/keypad_driver.v" Line 175
Stopped at time : 0 fs : File "C:/Verilog/vivado/project_2/project_2.srcs/sources_1/imports/FPGA_project/keypad_driver.v" Line 176
Stopped at time : 0 fs : File "C:/Verilog/vivado/project_2/project_2.srcs/sources_1/imports/FPGA_project/keypad_driver.v" Line 169
Stopped at time : 10 ns : File "C:/Verilog/vivado/project_2/project_2.srcs/sources_1/imports/FPGA_project/tb_calculator.v" Line 15
Stopped at time : 10 ns : File "C:/Verilog/vivado/project_2/project_2.srcs/sources_1/imports/FPGA_project/tb_calculator.v" Line 15
Stopped at time : 10 ns : File "C:/Verilog/vivado/project_2/project_2.srcs/sources_1/imports/FPGA_project/tb_calculator.v" Line 15
Stopped at time : 10 ns : File "C:/Verilog/vivado/project_2/project_2.srcs/sources_1/imports/FPGA_project/keypad_driver.v" Line 180
Stopped at time : 10 ns : File "C:/Verilog/vivado/project_2/project_2.srcs/sources_1/imports/FPGA_project/keypad_driver.v" Line 181
Stopped at time : 10 ns : File "C:/Verilog/vivado/project_2/project_2.srcs/sources_1/imports/FPGA_project/keypad_driver.v" Line 182
Stopped at time : 10 ns : File "C:/Verilog/vivado/project_2/project_2.srcs/sources_1/imports/FPGA_project/keypad_driver.v" Line 179
Stopped at time : 20 ns : File "C:/Verilog/vivado/project_2/project_2.srcs/sources_1/imports/FPGA_project/tb_calculator.v" Line 15
Stopped at time : 20 ns : File "C:/Verilog/vivado/project_2/project_2.srcs/sources_1/imports/FPGA_project/tb_calculator.v" Line 15
Stopped at time : 20 ns : File "C:/Verilog/vivado/project_2/project_2.srcs/sources_1/imports/FPGA_project/tb_calculator.v" Line 15
Stopped at time : 30 ns : File "C:/Verilog/vivado/project_2/project_2.srcs/sources_1/imports/FPGA_project/tb_calculator.v" Line 15
Stopped at time : 30 ns : File "C:/Verilog/vivado/project_2/project_2.srcs/sources_1/imports/FPGA_project/tb_calculator.v" Line 15
Stopped at time : 30 ns : File "C:/Verilog/vivado/project_2/project_2.srcs/sources_1/imports/FPGA_project/tb_calculator.v" Line 15
Stopped at time : 30 ns : File "C:/Verilog/vivado/project_2/project_2.srcs/sources_1/imports/FPGA_project/keypad_driver.v" Line 180
Stopped at time : 30 ns : File "C:/Verilog/vivado/project_2/project_2.srcs/sources_1/imports/FPGA_project/keypad_driver.v" Line 181
Stopped at time : 30 ns : File "C:/Verilog/vivado/project_2/project_2.srcs/sources_1/imports/FPGA_project/keypad_driver.v" Line 182
Stopped at time : 30 ns : File "C:/Verilog/vivado/project_2/project_2.srcs/sources_1/imports/FPGA_project/keypad_driver.v" Line 179
Stopped at time : 40 ns : File "C:/Verilog/vivado/project_2/project_2.srcs/sources_1/imports/FPGA_project/tb_calculator.v" Line 15
Stopped at time : 40 ns : File "C:/Verilog/vivado/project_2/project_2.srcs/sources_1/imports/FPGA_project/tb_calculator.v" Line 15
Stopped at time : 40 ns : File "C:/Verilog/vivado/project_2/project_2.srcs/sources_1/imports/FPGA_project/tb_calculator.v" Line 15
Stopped at time : 50 ns : File "C:/Verilog/vivado/project_2/project_2.srcs/sources_1/imports/FPGA_project/tb_calculator.v" Line 15
Stopped at time : 50 ns : File "C:/Verilog/vivado/project_2/project_2.srcs/sources_1/imports/FPGA_project/tb_calculator.v" Line 15
Stopped at time : 50 ns : File "C:/Verilog/vivado/project_2/project_2.srcs/sources_1/imports/FPGA_project/tb_calculator.v" Line 15
Stopped at time : 50 ns : File "C:/Verilog/vivado/project_2/project_2.srcs/sources_1/imports/FPGA_project/keypad_driver.v" Line 180
Stopped at time : 50 ns : File "C:/Verilog/vivado/project_2/project_2.srcs/sources_1/imports/FPGA_project/keypad_driver.v" Line 181
Stopped at time : 50 ns : File "C:/Verilog/vivado/project_2/project_2.srcs/sources_1/imports/FPGA_project/keypad_driver.v" Line 182
Stopped at time : 50 ns : File "C:/Verilog/vivado/project_2/project_2.srcs/sources_1/imports/FPGA_project/keypad_driver.v" Line 179
Stopped at time : 60 ns : File "C:/Verilog/vivado/project_2/project_2.srcs/sources_1/imports/FPGA_project/tb_calculator.v" Line 15
