
*** Running vivado
    with args -log top_calculator.vds -m64 -product Vivado -mode batch -messageDb vivado.pb -notrace -source top_calculator.tcl


ECHO가 설정되어 있지 않습니다.
ECHO가 설정되어 있지 않습니다.

****** Vivado v2023.1 (64-bit)
  **** SW Build 3865809 on Sun May  7 15:05:29 MDT 2023
  **** IP Build 3864474 on Sun May  7 20:36:21 MDT 2023
  **** SharedData Build 3865790 on Sun May 07 13:33:03 MDT 2023
    ** Copyright 1986-2022 Xilinx, Inc. All Rights Reserved.
    ** Copyright 2022-2023 Advanced Micro Devices, Inc. All Rights Reserved.

source top_calculator.tcl -notrace
create_project: Time (s): cpu = 00:00:09 ; elapsed = 00:00:10 . Memory (MB): peak = 444.816 ; gain = 163.844
Command: synth_design -top top_calculator -part xc7k70tfbv676-1
Starting synth_design
Attempting to get a license for feature 'Synthesis' and/or device 'xc7k70t'
INFO: [Common 17-349] Got license for feature 'Synthesis' and/or device 'xc7k70t'
INFO: [Synth 8-7079] Multithreading enabled for synth_design using a maximum of 2 processes.
INFO: [Synth 8-7078] Launching helper process for spawning children vivado processes
INFO: [Synth 8-7075] Helper process launched with PID 24092
---------------------------------------------------------------------------------
Starting Synthesize : Time (s): cpu = 00:00:09 ; elapsed = 00:00:09 . Memory (MB): peak = 883.566 ; gain = 413.598
---------------------------------------------------------------------------------
INFO: [Synth 8-6157] synthesizing module 'top_calculator' [C:/Verilog/vivado/FPGA_calculator/FPGA_calculator.srcs/sources_1/imports/FPGA_project/top_calculator.v:1]
INFO: [Synth 8-6157] synthesizing module 'clock_divider' [C:/Verilog/vivado/FPGA_calculator/FPGA_calculator.srcs/sources_1/imports/FPGA_project/clock_divider.v:1]
INFO: [Synth 8-6155] done synthesizing module 'clock_divider' (0#1) [C:/Verilog/vivado/FPGA_calculator/FPGA_calculator.srcs/sources_1/imports/FPGA_project/clock_divider.v:1]
INFO: [Synth 8-6157] synthesizing module 'segment_driver' [C:/Verilog/vivado/FPGA_calculator/FPGA_calculator.srcs/sources_1/imports/FPGA_project/segment_driver.v:1]
INFO: [Synth 8-155] case statement is not full and has no default [C:/Verilog/vivado/FPGA_calculator/FPGA_calculator.srcs/sources_1/imports/FPGA_project/segment_driver.v:164]
INFO: [Synth 8-155] case statement is not full and has no default [C:/Verilog/vivado/FPGA_calculator/FPGA_calculator.srcs/sources_1/imports/FPGA_project/segment_driver.v:179]
INFO: [Synth 8-155] case statement is not full and has no default [C:/Verilog/vivado/FPGA_calculator/FPGA_calculator.srcs/sources_1/imports/FPGA_project/segment_driver.v:195]
INFO: [Synth 8-155] case statement is not full and has no default [C:/Verilog/vivado/FPGA_calculator/FPGA_calculator.srcs/sources_1/imports/FPGA_project/segment_driver.v:211]
INFO: [Synth 8-155] case statement is not full and has no default [C:/Verilog/vivado/FPGA_calculator/FPGA_calculator.srcs/sources_1/imports/FPGA_project/segment_driver.v:227]
INFO: [Synth 8-155] case statement is not full and has no default [C:/Verilog/vivado/FPGA_calculator/FPGA_calculator.srcs/sources_1/imports/FPGA_project/segment_driver.v:246]
INFO: [Synth 8-6155] done synthesizing module 'segment_driver' (0#1) [C:/Verilog/vivado/FPGA_calculator/FPGA_calculator.srcs/sources_1/imports/FPGA_project/segment_driver.v:1]
INFO: [Synth 8-6157] synthesizing module 'keypad_driver' [C:/Verilog/vivado/FPGA_calculator/FPGA_calculator.srcs/sources_1/imports/FPGA_project/keypad_driver.v:9]
INFO: [Synth 8-155] case statement is not full and has no default [C:/Verilog/vivado/FPGA_calculator/FPGA_calculator.srcs/sources_1/imports/FPGA_project/keypad_driver.v:49]
INFO: [Synth 8-6155] done synthesizing module 'keypad_driver' (0#1) [C:/Verilog/vivado/FPGA_calculator/FPGA_calculator.srcs/sources_1/imports/FPGA_project/keypad_driver.v:9]
INFO: [Synth 8-6157] synthesizing module 'calculate' [C:/Verilog/vivado/FPGA_calculator/FPGA_calculator.srcs/sources_1/imports/FPGA_project/calculate.v:1]
INFO: [Synth 8-6155] done synthesizing module 'calculate' (0#1) [C:/Verilog/vivado/FPGA_calculator/FPGA_calculator.srcs/sources_1/imports/FPGA_project/calculate.v:1]
INFO: [Synth 8-6157] synthesizing module 'interface' [C:/Verilog/vivado/FPGA_calculator/FPGA_calculator.srcs/sources_1/imports/FPGA_project/interface.v:1]
INFO: [Synth 8-155] case statement is not full and has no default [C:/Verilog/vivado/FPGA_calculator/FPGA_calculator.srcs/sources_1/imports/FPGA_project/interface.v:82]
INFO: [Synth 8-6155] done synthesizing module 'interface' (0#1) [C:/Verilog/vivado/FPGA_calculator/FPGA_calculator.srcs/sources_1/imports/FPGA_project/interface.v:1]
INFO: [Synth 8-6155] done synthesizing module 'top_calculator' (0#1) [C:/Verilog/vivado/FPGA_calculator/FPGA_calculator.srcs/sources_1/imports/FPGA_project/top_calculator.v:1]
WARNING: [Synth 8-6014] Unused sequential element segment_serial_reg was removed.  [C:/Verilog/vivado/FPGA_calculator/FPGA_calculator.srcs/sources_1/imports/FPGA_project/segment_driver.v:280]
WARNING: [Synth 8-7137] Register fnd_cnt_reg in module segment_driver has both Set and reset with same priority. This may cause simulation mismatches. Consider rewriting code  [C:/Verilog/vivado/FPGA_calculator/FPGA_calculator.srcs/sources_1/imports/FPGA_project/segment_driver.v:276]
WARNING: [Synth 8-7137] Register fnd_d_reg in module segment_driver has both Set and reset with same priority. This may cause simulation mismatches. Consider rewriting code  [C:/Verilog/vivado/FPGA_calculator/FPGA_calculator.srcs/sources_1/imports/FPGA_project/segment_driver.v:277]
WARNING: [Synth 8-7137] Register fnd_s_reg in module segment_driver has both Set and reset with same priority. This may cause simulation mismatches. Consider rewriting code  [C:/Verilog/vivado/FPGA_calculator/FPGA_calculator.srcs/sources_1/imports/FPGA_project/segment_driver.v:278]
WARNING: [Synth 8-7137] Register cal_enable_reg in module interface has both Set and reset with same priority. This may cause simulation mismatches. Consider rewriting code  [C:/Verilog/vivado/FPGA_calculator/FPGA_calculator.srcs/sources_1/imports/FPGA_project/interface.v:95]
---------------------------------------------------------------------------------
Finished Synthesize : Time (s): cpu = 00:00:11 ; elapsed = 00:00:13 . Memory (MB): peak = 981.324 ; gain = 511.355
---------------------------------------------------------------------------------
---------------------------------------------------------------------------------
Finished Constraint Validation : Time (s): cpu = 00:00:12 ; elapsed = 00:00:14 . Memory (MB): peak = 981.324 ; gain = 511.355
---------------------------------------------------------------------------------
---------------------------------------------------------------------------------
Start Loading Part and Timing Information
---------------------------------------------------------------------------------
Loading part: xc7k70tfbv676-1
---------------------------------------------------------------------------------
INFO: [Device 21-403] Loading part xc7k70tfbv676-1
Finished Loading Part and Timing Information : Time (s): cpu = 00:00:12 ; elapsed = 00:00:14 . Memory (MB): peak = 981.324 ; gain = 511.355
---------------------------------------------------------------------------------
---------------------------------------------------------------------------------
Finished RTL Optimization Phase 2 : Time (s): cpu = 00:00:17 ; elapsed = 00:00:16 . Memory (MB): peak = 993.992 ; gain = 524.023
---------------------------------------------------------------------------------
No constraint files found.
---------------------------------------------------------------------------------
Start RTL Component Statistics 
---------------------------------------------------------------------------------
Detailed RTL Component Info : 
+---Adders : 
	   2 Input   64 Bit       Adders := 4     
	   3 Input   64 Bit       Adders := 1     
	   2 Input   32 Bit       Adders := 7     
	   2 Input   28 Bit       Adders := 1     
	   2 Input    3 Bit       Adders := 4     
+---Registers : 
	               64 Bit    Registers := 1     
	               32 Bit    Registers := 4     
	               16 Bit    Registers := 2     
	                8 Bit    Registers := 7     
	                6 Bit    Registers := 1     
	                5 Bit    Registers := 1     
	                3 Bit    Registers := 4     
	                1 Bit    Registers := 5     
+---Multipliers : 
	              32x32  Multipliers := 1     
	               4x32  Multipliers := 2     
+---Muxes : 
	   2 Input   64 Bit        Muxes := 6     
	   6 Input   64 Bit        Muxes := 1     
	   2 Input   32 Bit        Muxes := 29    
	   3 Input   32 Bit        Muxes := 2     
	   4 Input   32 Bit        Muxes := 3     
	   7 Input   28 Bit        Muxes := 1     
	   2 Input    8 Bit        Muxes := 2     
	   7 Input    7 Bit        Muxes := 4     
	  12 Input    7 Bit        Muxes := 4     
	   8 Input    7 Bit        Muxes := 1     
	  13 Input    7 Bit        Muxes := 1     
	   5 Input    7 Bit        Muxes := 1     
	   2 Input    6 Bit        Muxes := 2     
	  17 Input    5 Bit        Muxes := 1     
	   2 Input    3 Bit        Muxes := 8     
	  12 Input    3 Bit        Muxes := 6     
	   7 Input    3 Bit        Muxes := 4     
	   6 Input    3 Bit        Muxes := 1     
	   7 Input    2 Bit        Muxes := 4     
	   3 Input    2 Bit        Muxes := 1     
	   2 Input    1 Bit        Muxes := 37    
	  17 Input    1 Bit        Muxes := 1     
	   7 Input    1 Bit        Muxes := 12    
	   3 Input    1 Bit        Muxes := 4     
	   4 Input    1 Bit        Muxes := 2     
	   6 Input    1 Bit        Muxes := 3     
---------------------------------------------------------------------------------
Finished RTL Component Statistics 
---------------------------------------------------------------------------------
---------------------------------------------------------------------------------
Start Part Resource Summary
---------------------------------------------------------------------------------
Part Resources:
DSPs: 240 (col length:80)
BRAMs: 270 (col length: RAMB18 80 RAMB36 40)
---------------------------------------------------------------------------------
Finished Part Resource Summary
---------------------------------------------------------------------------------
No constraint files found.
---------------------------------------------------------------------------------
Start Cross Boundary and Area Optimization
---------------------------------------------------------------------------------
WARNING: [Synth 8-7080] Parallel synthesis criteria is not met
DSP Report: Generating DSP result0, operation Mode is: A*B.
DSP Report: operator result0 is absorbed into DSP result0.
DSP Report: operator result0 is absorbed into DSP result0.
DSP Report: Generating DSP result0, operation Mode is: (PCIN>>17)+A*B.
DSP Report: operator result0 is absorbed into DSP result0.
DSP Report: operator result0 is absorbed into DSP result0.
DSP Report: Generating DSP result0, operation Mode is: A*B.
DSP Report: operator result0 is absorbed into DSP result0.
DSP Report: operator result0 is absorbed into DSP result0.
DSP Report: Generating DSP result0, operation Mode is: (PCIN>>17)+A*B.
DSP Report: operator result0 is absorbed into DSP result0.
DSP Report: operator result0 is absorbed into DSP result0.
CRITICAL WARNING: [Synth 8-6859] multi-driven net on pin Q with 1st driver pin 'i_0/UI/buffer_reg[27]/Q' [C:/Verilog/vivado/FPGA_calculator/FPGA_calculator.srcs/sources_1/imports/FPGA_project/interface.v:71]
CRITICAL WARNING: [Synth 8-6859] multi-driven net on pin Q with 2nd driver pin 'GND' [C:/Verilog/vivado/FPGA_calculator/FPGA_calculator.srcs/sources_1/imports/FPGA_project/interface.v:71]
CRITICAL WARNING: [Synth 8-6858] multi-driven net Q is connected to at least one constant driver which has been preserved, other driver is ignored [C:/Verilog/vivado/FPGA_calculator/FPGA_calculator.srcs/sources_1/imports/FPGA_project/interface.v:71]
CRITICAL WARNING: [Synth 8-6859] multi-driven net on pin Q with 1st driver pin 'i_0/UI/buffer_reg[26]/Q' [C:/Verilog/vivado/FPGA_calculator/FPGA_calculator.srcs/sources_1/imports/FPGA_project/interface.v:71]
CRITICAL WARNING: [Synth 8-6859] multi-driven net on pin Q with 2nd driver pin 'GND' [C:/Verilog/vivado/FPGA_calculator/FPGA_calculator.srcs/sources_1/imports/FPGA_project/interface.v:71]
CRITICAL WARNING: [Synth 8-6858] multi-driven net Q is connected to at least one constant driver which has been preserved, other driver is ignored [C:/Verilog/vivado/FPGA_calculator/FPGA_calculator.srcs/sources_1/imports/FPGA_project/interface.v:71]
CRITICAL WARNING: [Synth 8-6859] multi-driven net on pin Q with 1st driver pin 'i_0/UI/buffer_reg[25]/Q' [C:/Verilog/vivado/FPGA_calculator/FPGA_calculator.srcs/sources_1/imports/FPGA_project/interface.v:71]
CRITICAL WARNING: [Synth 8-6859] multi-driven net on pin Q with 2nd driver pin 'GND' [C:/Verilog/vivado/FPGA_calculator/FPGA_calculator.srcs/sources_1/imports/FPGA_project/interface.v:71]
CRITICAL WARNING: [Synth 8-6858] multi-driven net Q is connected to at least one constant driver which has been preserved, other driver is ignored [C:/Verilog/vivado/FPGA_calculator/FPGA_calculator.srcs/sources_1/imports/FPGA_project/interface.v:71]
CRITICAL WARNING: [Synth 8-6859] multi-driven net on pin Q with 1st driver pin 'i_0/UI/buffer_reg[24]/Q' [C:/Verilog/vivado/FPGA_calculator/FPGA_calculator.srcs/sources_1/imports/FPGA_project/interface.v:71]
CRITICAL WARNING: [Synth 8-6859] multi-driven net on pin Q with 2nd driver pin 'GND' [C:/Verilog/vivado/FPGA_calculator/FPGA_calculator.srcs/sources_1/imports/FPGA_project/interface.v:71]
CRITICAL WARNING: [Synth 8-6858] multi-driven net Q is connected to at least one constant driver which has been preserved, other driver is ignored [C:/Verilog/vivado/FPGA_calculator/FPGA_calculator.srcs/sources_1/imports/FPGA_project/interface.v:71]
CRITICAL WARNING: [Synth 8-6859] multi-driven net on pin Q with 1st driver pin 'i_0/UI/buffer_reg[23]/Q' [C:/Verilog/vivado/FPGA_calculator/FPGA_calculator.srcs/sources_1/imports/FPGA_project/interface.v:71]
CRITICAL WARNING: [Synth 8-6859] multi-driven net on pin Q with 2nd driver pin 'GND' [C:/Verilog/vivado/FPGA_calculator/FPGA_calculator.srcs/sources_1/imports/FPGA_project/interface.v:71]
CRITICAL WARNING: [Synth 8-6858] multi-driven net Q is connected to at least one constant driver which has been preserved, other driver is ignored [C:/Verilog/vivado/FPGA_calculator/FPGA_calculator.srcs/sources_1/imports/FPGA_project/interface.v:71]
CRITICAL WARNING: [Synth 8-6859] multi-driven net on pin Q with 1st driver pin 'i_0/UI/buffer_reg[22]/Q' [C:/Verilog/vivado/FPGA_calculator/FPGA_calculator.srcs/sources_1/imports/FPGA_project/interface.v:71]
CRITICAL WARNING: [Synth 8-6859] multi-driven net on pin Q with 2nd driver pin 'GND' [C:/Verilog/vivado/FPGA_calculator/FPGA_calculator.srcs/sources_1/imports/FPGA_project/interface.v:71]
CRITICAL WARNING: [Synth 8-6858] multi-driven net Q is connected to at least one constant driver which has been preserved, other driver is ignored [C:/Verilog/vivado/FPGA_calculator/FPGA_calculator.srcs/sources_1/imports/FPGA_project/interface.v:71]
CRITICAL WARNING: [Synth 8-6859] multi-driven net on pin Q with 1st driver pin 'i_0/UI/buffer_reg[21]/Q' [C:/Verilog/vivado/FPGA_calculator/FPGA_calculator.srcs/sources_1/imports/FPGA_project/interface.v:71]
CRITICAL WARNING: [Synth 8-6859] multi-driven net on pin Q with 2nd driver pin 'GND' [C:/Verilog/vivado/FPGA_calculator/FPGA_calculator.srcs/sources_1/imports/FPGA_project/interface.v:71]
CRITICAL WARNING: [Synth 8-6858] multi-driven net Q is connected to at least one constant driver which has been preserved, other driver is ignored [C:/Verilog/vivado/FPGA_calculator/FPGA_calculator.srcs/sources_1/imports/FPGA_project/interface.v:71]
CRITICAL WARNING: [Synth 8-6859] multi-driven net on pin Q with 1st driver pin 'i_0/UI/buffer_reg[20]/Q' [C:/Verilog/vivado/FPGA_calculator/FPGA_calculator.srcs/sources_1/imports/FPGA_project/interface.v:71]
CRITICAL WARNING: [Synth 8-6859] multi-driven net on pin Q with 2nd driver pin 'GND' [C:/Verilog/vivado/FPGA_calculator/FPGA_calculator.srcs/sources_1/imports/FPGA_project/interface.v:71]
CRITICAL WARNING: [Synth 8-6858] multi-driven net Q is connected to at least one constant driver which has been preserved, other driver is ignored [C:/Verilog/vivado/FPGA_calculator/FPGA_calculator.srcs/sources_1/imports/FPGA_project/interface.v:71]
CRITICAL WARNING: [Synth 8-6859] multi-driven net on pin Q with 1st driver pin 'i_0/UI/buffer_reg[19]/Q' [C:/Verilog/vivado/FPGA_calculator/FPGA_calculator.srcs/sources_1/imports/FPGA_project/interface.v:71]
CRITICAL WARNING: [Synth 8-6859] multi-driven net on pin Q with 2nd driver pin 'GND' [C:/Verilog/vivado/FPGA_calculator/FPGA_calculator.srcs/sources_1/imports/FPGA_project/interface.v:71]
CRITICAL WARNING: [Synth 8-6858] multi-driven net Q is connected to at least one constant driver which has been preserved, other driver is ignored [C:/Verilog/vivado/FPGA_calculator/FPGA_calculator.srcs/sources_1/imports/FPGA_project/interface.v:71]
CRITICAL WARNING: [Synth 8-6859] multi-driven net on pin Q with 1st driver pin 'i_0/UI/buffer_reg[18]/Q' [C:/Verilog/vivado/FPGA_calculator/FPGA_calculator.srcs/sources_1/imports/FPGA_project/interface.v:71]
CRITICAL WARNING: [Synth 8-6859] multi-driven net on pin Q with 2nd driver pin 'GND' [C:/Verilog/vivado/FPGA_calculator/FPGA_calculator.srcs/sources_1/imports/FPGA_project/interface.v:71]
CRITICAL WARNING: [Synth 8-6858] multi-driven net Q is connected to at least one constant driver which has been preserved, other driver is ignored [C:/Verilog/vivado/FPGA_calculator/FPGA_calculator.srcs/sources_1/imports/FPGA_project/interface.v:71]
CRITICAL WARNING: [Synth 8-6859] multi-driven net on pin Q with 1st driver pin 'i_0/UI/buffer_reg[17]/Q' [C:/Verilog/vivado/FPGA_calculator/FPGA_calculator.srcs/sources_1/imports/FPGA_project/interface.v:71]
CRITICAL WARNING: [Synth 8-6859] multi-driven net on pin Q with 2nd driver pin 'GND' [C:/Verilog/vivado/FPGA_calculator/FPGA_calculator.srcs/sources_1/imports/FPGA_project/interface.v:71]
CRITICAL WARNING: [Synth 8-6858] multi-driven net Q is connected to at least one constant driver which has been preserved, other driver is ignored [C:/Verilog/vivado/FPGA_calculator/FPGA_calculator.srcs/sources_1/imports/FPGA_project/interface.v:71]
CRITICAL WARNING: [Synth 8-6859] multi-driven net on pin Q with 1st driver pin 'i_0/UI/buffer_reg[16]/Q' [C:/Verilog/vivado/FPGA_calculator/FPGA_calculator.srcs/sources_1/imports/FPGA_project/interface.v:71]
CRITICAL WARNING: [Synth 8-6859] multi-driven net on pin Q with 2nd driver pin 'GND' [C:/Verilog/vivado/FPGA_calculator/FPGA_calculator.srcs/sources_1/imports/FPGA_project/interface.v:71]
CRITICAL WARNING: [Synth 8-6858] multi-driven net Q is connected to at least one constant driver which has been preserved, other driver is ignored [C:/Verilog/vivado/FPGA_calculator/FPGA_calculator.srcs/sources_1/imports/FPGA_project/interface.v:71]
CRITICAL WARNING: [Synth 8-6859] multi-driven net on pin Q with 1st driver pin 'i_0/UI/buffer_reg[15]/Q' [C:/Verilog/vivado/FPGA_calculator/FPGA_calculator.srcs/sources_1/imports/FPGA_project/interface.v:71]
CRITICAL WARNING: [Synth 8-6859] multi-driven net on pin Q with 2nd driver pin 'GND' [C:/Verilog/vivado/FPGA_calculator/FPGA_calculator.srcs/sources_1/imports/FPGA_project/interface.v:71]
CRITICAL WARNING: [Synth 8-6858] multi-driven net Q is connected to at least one constant driver which has been preserved, other driver is ignored [C:/Verilog/vivado/FPGA_calculator/FPGA_calculator.srcs/sources_1/imports/FPGA_project/interface.v:71]
CRITICAL WARNING: [Synth 8-6859] multi-driven net on pin Q with 1st driver pin 'i_0/UI/buffer_reg[14]/Q' [C:/Verilog/vivado/FPGA_calculator/FPGA_calculator.srcs/sources_1/imports/FPGA_project/interface.v:71]
CRITICAL WARNING: [Synth 8-6859] multi-driven net on pin Q with 2nd driver pin 'GND' [C:/Verilog/vivado/FPGA_calculator/FPGA_calculator.srcs/sources_1/imports/FPGA_project/interface.v:71]
CRITICAL WARNING: [Synth 8-6858] multi-driven net Q is connected to at least one constant driver which has been preserved, other driver is ignored [C:/Verilog/vivado/FPGA_calculator/FPGA_calculator.srcs/sources_1/imports/FPGA_project/interface.v:71]
CRITICAL WARNING: [Synth 8-6859] multi-driven net on pin Q with 1st driver pin 'i_0/UI/buffer_reg[13]/Q' [C:/Verilog/vivado/FPGA_calculator/FPGA_calculator.srcs/sources_1/imports/FPGA_project/interface.v:71]
CRITICAL WARNING: [Synth 8-6859] multi-driven net on pin Q with 2nd driver pin 'GND' [C:/Verilog/vivado/FPGA_calculator/FPGA_calculator.srcs/sources_1/imports/FPGA_project/interface.v:71]
CRITICAL WARNING: [Synth 8-6858] multi-driven net Q is connected to at least one constant driver which has been preserved, other driver is ignored [C:/Verilog/vivado/FPGA_calculator/FPGA_calculator.srcs/sources_1/imports/FPGA_project/interface.v:71]
CRITICAL WARNING: [Synth 8-6859] multi-driven net on pin Q with 1st driver pin 'i_0/UI/buffer_reg[12]/Q' [C:/Verilog/vivado/FPGA_calculator/FPGA_calculator.srcs/sources_1/imports/FPGA_project/interface.v:71]
CRITICAL WARNING: [Synth 8-6859] multi-driven net on pin Q with 2nd driver pin 'GND' [C:/Verilog/vivado/FPGA_calculator/FPGA_calculator.srcs/sources_1/imports/FPGA_project/interface.v:71]
CRITICAL WARNING: [Synth 8-6858] multi-driven net Q is connected to at least one constant driver which has been preserved, other driver is ignored [C:/Verilog/vivado/FPGA_calculator/FPGA_calculator.srcs/sources_1/imports/FPGA_project/interface.v:71]
CRITICAL WARNING: [Synth 8-6859] multi-driven net on pin Q with 1st driver pin 'i_0/UI/buffer_reg[11]/Q' [C:/Verilog/vivado/FPGA_calculator/FPGA_calculator.srcs/sources_1/imports/FPGA_project/interface.v:71]
CRITICAL WARNING: [Synth 8-6859] multi-driven net on pin Q with 2nd driver pin 'GND' [C:/Verilog/vivado/FPGA_calculator/FPGA_calculator.srcs/sources_1/imports/FPGA_project/interface.v:71]
CRITICAL WARNING: [Synth 8-6858] multi-driven net Q is connected to at least one constant driver which has been preserved, other driver is ignored [C:/Verilog/vivado/FPGA_calculator/FPGA_calculator.srcs/sources_1/imports/FPGA_project/interface.v:71]
CRITICAL WARNING: [Synth 8-6859] multi-driven net on pin Q with 1st driver pin 'i_0/UI/buffer_reg[10]/Q' [C:/Verilog/vivado/FPGA_calculator/FPGA_calculator.srcs/sources_1/imports/FPGA_project/interface.v:71]
CRITICAL WARNING: [Synth 8-6859] multi-driven net on pin Q with 2nd driver pin 'GND' [C:/Verilog/vivado/FPGA_calculator/FPGA_calculator.srcs/sources_1/imports/FPGA_project/interface.v:71]
CRITICAL WARNING: [Synth 8-6858] multi-driven net Q is connected to at least one constant driver which has been preserved, other driver is ignored [C:/Verilog/vivado/FPGA_calculator/FPGA_calculator.srcs/sources_1/imports/FPGA_project/interface.v:71]
CRITICAL WARNING: [Synth 8-6859] multi-driven net on pin Q with 1st driver pin 'i_0/UI/buffer_reg[9]/Q' [C:/Verilog/vivado/FPGA_calculator/FPGA_calculator.srcs/sources_1/imports/FPGA_project/interface.v:71]
CRITICAL WARNING: [Synth 8-6859] multi-driven net on pin Q with 2nd driver pin 'GND' [C:/Verilog/vivado/FPGA_calculator/FPGA_calculator.srcs/sources_1/imports/FPGA_project/interface.v:71]
CRITICAL WARNING: [Synth 8-6858] multi-driven net Q is connected to at least one constant driver which has been preserved, other driver is ignored [C:/Verilog/vivado/FPGA_calculator/FPGA_calculator.srcs/sources_1/imports/FPGA_project/interface.v:71]
CRITICAL WARNING: [Synth 8-6859] multi-driven net on pin Q with 1st driver pin 'i_0/UI/buffer_reg[8]/Q' [C:/Verilog/vivado/FPGA_calculator/FPGA_calculator.srcs/sources_1/imports/FPGA_project/interface.v:71]
CRITICAL WARNING: [Synth 8-6859] multi-driven net on pin Q with 2nd driver pin 'GND' [C:/Verilog/vivado/FPGA_calculator/FPGA_calculator.srcs/sources_1/imports/FPGA_project/interface.v:71]
CRITICAL WARNING: [Synth 8-6858] multi-driven net Q is connected to at least one constant driver which has been preserved, other driver is ignored [C:/Verilog/vivado/FPGA_calculator/FPGA_calculator.srcs/sources_1/imports/FPGA_project/interface.v:71]
CRITICAL WARNING: [Synth 8-6859] multi-driven net on pin Q with 1st driver pin 'i_0/UI/buffer_reg[7]/Q' [C:/Verilog/vivado/FPGA_calculator/FPGA_calculator.srcs/sources_1/imports/FPGA_project/interface.v:71]
CRITICAL WARNING: [Synth 8-6859] multi-driven net on pin Q with 2nd driver pin 'GND' [C:/Verilog/vivado/FPGA_calculator/FPGA_calculator.srcs/sources_1/imports/FPGA_project/interface.v:71]
CRITICAL WARNING: [Synth 8-6858] multi-driven net Q is connected to at least one constant driver which has been preserved, other driver is ignored [C:/Verilog/vivado/FPGA_calculator/FPGA_calculator.srcs/sources_1/imports/FPGA_project/interface.v:71]
CRITICAL WARNING: [Synth 8-6859] multi-driven net on pin Q with 1st driver pin 'i_0/UI/buffer_reg[6]/Q' [C:/Verilog/vivado/FPGA_calculator/FPGA_calculator.srcs/sources_1/imports/FPGA_project/interface.v:71]
CRITICAL WARNING: [Synth 8-6859] multi-driven net on pin Q with 2nd driver pin 'GND' [C:/Verilog/vivado/FPGA_calculator/FPGA_calculator.srcs/sources_1/imports/FPGA_project/interface.v:71]
CRITICAL WARNING: [Synth 8-6858] multi-driven net Q is connected to at least one constant driver which has been preserved, other driver is ignored [C:/Verilog/vivado/FPGA_calculator/FPGA_calculator.srcs/sources_1/imports/FPGA_project/interface.v:71]
CRITICAL WARNING: [Synth 8-6859] multi-driven net on pin Q with 1st driver pin 'i_0/UI/buffer_reg[5]/Q' [C:/Verilog/vivado/FPGA_calculator/FPGA_calculator.srcs/sources_1/imports/FPGA_project/interface.v:71]
CRITICAL WARNING: [Synth 8-6859] multi-driven net on pin Q with 2nd driver pin 'GND' [C:/Verilog/vivado/FPGA_calculator/FPGA_calculator.srcs/sources_1/imports/FPGA_project/interface.v:71]
CRITICAL WARNING: [Synth 8-6858] multi-driven net Q is connected to at least one constant driver which has been preserved, other driver is ignored [C:/Verilog/vivado/FPGA_calculator/FPGA_calculator.srcs/sources_1/imports/FPGA_project/interface.v:71]
CRITICAL WARNING: [Synth 8-6859] multi-driven net on pin Q with 1st driver pin 'i_0/UI/buffer_reg[4]/Q' [C:/Verilog/vivado/FPGA_calculator/FPGA_calculator.srcs/sources_1/imports/FPGA_project/interface.v:71]
CRITICAL WARNING: [Synth 8-6859] multi-driven net on pin Q with 2nd driver pin 'GND' [C:/Verilog/vivado/FPGA_calculator/FPGA_calculator.srcs/sources_1/imports/FPGA_project/interface.v:71]
CRITICAL WARNING: [Synth 8-6858] multi-driven net Q is connected to at least one constant driver which has been preserved, other driver is ignored [C:/Verilog/vivado/FPGA_calculator/FPGA_calculator.srcs/sources_1/imports/FPGA_project/interface.v:71]
CRITICAL WARNING: [Synth 8-6859] multi-driven net on pin Q with 1st driver pin 'i_0/UI/buffer_reg[3]/Q' [C:/Verilog/vivado/FPGA_calculator/FPGA_calculator.srcs/sources_1/imports/FPGA_project/interface.v:71]
CRITICAL WARNING: [Synth 8-6859] multi-driven net on pin Q with 2nd driver pin 'GND' [C:/Verilog/vivado/FPGA_calculator/FPGA_calculator.srcs/sources_1/imports/FPGA_project/interface.v:71]
CRITICAL WARNING: [Synth 8-6858] multi-driven net Q is connected to at least one constant driver which has been preserved, other driver is ignored [C:/Verilog/vivado/FPGA_calculator/FPGA_calculator.srcs/sources_1/imports/FPGA_project/interface.v:71]
CRITICAL WARNING: [Synth 8-6859] multi-driven net on pin Q with 1st driver pin 'i_0/UI/buffer_reg[2]/Q' [C:/Verilog/vivado/FPGA_calculator/FPGA_calculator.srcs/sources_1/imports/FPGA_project/interface.v:71]
CRITICAL WARNING: [Synth 8-6859] multi-driven net on pin Q with 2nd driver pin 'GND' [C:/Verilog/vivado/FPGA_calculator/FPGA_calculator.srcs/sources_1/imports/FPGA_project/interface.v:71]
CRITICAL WARNING: [Synth 8-6858] multi-driven net Q is connected to at least one constant driver which has been preserved, other driver is ignored [C:/Verilog/vivado/FPGA_calculator/FPGA_calculator.srcs/sources_1/imports/FPGA_project/interface.v:71]
CRITICAL WARNING: [Synth 8-6859] multi-driven net on pin Q with 1st driver pin 'i_0/UI/buffer_reg[1]/Q' [C:/Verilog/vivado/FPGA_calculator/FPGA_calculator.srcs/sources_1/imports/FPGA_project/interface.v:71]
CRITICAL WARNING: [Synth 8-6859] multi-driven net on pin Q with 2nd driver pin 'GND' [C:/Verilog/vivado/FPGA_calculator/FPGA_calculator.srcs/sources_1/imports/FPGA_project/interface.v:71]
CRITICAL WARNING: [Synth 8-6858] multi-driven net Q is connected to at least one constant driver which has been preserved, other driver is ignored [C:/Verilog/vivado/FPGA_calculator/FPGA_calculator.srcs/sources_1/imports/FPGA_project/interface.v:71]
CRITICAL WARNING: [Synth 8-6859] multi-driven net on pin Q with 1st driver pin 'i_0/UI/buffer_reg[0]/Q' [C:/Verilog/vivado/FPGA_calculator/FPGA_calculator.srcs/sources_1/imports/FPGA_project/interface.v:71]
CRITICAL WARNING: [Synth 8-6859] multi-driven net on pin Q with 2nd driver pin 'GND' [C:/Verilog/vivado/FPGA_calculator/FPGA_calculator.srcs/sources_1/imports/FPGA_project/interface.v:71]
CRITICAL WARNING: [Synth 8-6858] multi-driven net Q is connected to at least one constant driver which has been preserved, other driver is ignored [C:/Verilog/vivado/FPGA_calculator/FPGA_calculator.srcs/sources_1/imports/FPGA_project/interface.v:71]
---------------------------------------------------------------------------------
Finished Cross Boundary and Area Optimization : Time (s): cpu = 00:01:19 ; elapsed = 00:01:31 . Memory (MB): peak = 1464.773 ; gain = 994.805
---------------------------------------------------------------------------------
---------------------------------------------------------------------------------
Start ROM, RAM, DSP, Shift Register and Retiming Reporting
---------------------------------------------------------------------------------

DSP: Preliminary Mapping Report (see note below. The ' indicates corresponding REG is set)
+---------------+----------------+--------+--------+--------+--------+--------+------+------+------+------+-------+------+------+
|Module Name    | DSP Mapping    | A Size | B Size | C Size | D Size | P Size | AREG | BREG | CREG | DREG | ADREG | MREG | PREG | 
+---------------+----------------+--------+--------+--------+--------+--------+------+------+------+------+-------+------+------+
|top_calculator | A*B            | 18     | 15     | -      | -      | 48     | 0    | 0    | -    | -    | -     | 0    | 0    | 
|top_calculator | (PCIN>>17)+A*B | 15     | 15     | -      | -      | 48     | 0    | 0    | -    | -    | -     | 0    | 0    | 
|top_calculator | A*B            | 18     | 18     | -      | -      | 48     | 0    | 0    | -    | -    | -     | 0    | 0    | 
|top_calculator | (PCIN>>17)+A*B | 18     | 15     | -      | -      | 48     | 0    | 0    | -    | -    | -     | 0    | 0    | 
+---------------+----------------+--------+--------+--------+--------+--------+------+------+------+------+-------+------+------+

Note: The table above is a preliminary report that shows the DSPs inferred at the current stage of the synthesis flow. Some DSP may be reimplemented as non DSP primitives later in the synthesis flow. Multiple instantiated DSPs are reported only once.
---------------------------------------------------------------------------------
Finished ROM, RAM, DSP, Shift Register and Retiming Reporting
---------------------------------------------------------------------------------
No constraint files found.
---------------------------------------------------------------------------------
Start Timing Optimization
---------------------------------------------------------------------------------
---------------------------------------------------------------------------------
Finished Timing Optimization : Time (s): cpu = 00:01:19 ; elapsed = 00:01:31 . Memory (MB): peak = 1464.773 ; gain = 994.805
---------------------------------------------------------------------------------
---------------------------------------------------------------------------------
Start Technology Mapping
---------------------------------------------------------------------------------
---------------------------------------------------------------------------------
Finished Technology Mapping : Time (s): cpu = 00:01:20 ; elapsed = 00:01:32 . Memory (MB): peak = 1464.773 ; gain = 994.805
---------------------------------------------------------------------------------
---------------------------------------------------------------------------------
Start IO Insertion
---------------------------------------------------------------------------------
---------------------------------------------------------------------------------
Start Flattening Before IO Insertion
---------------------------------------------------------------------------------
---------------------------------------------------------------------------------
Finished Flattening Before IO Insertion
---------------------------------------------------------------------------------
---------------------------------------------------------------------------------
Start Final Netlist Cleanup
---------------------------------------------------------------------------------
---------------------------------------------------------------------------------
Finished Final Netlist Cleanup
---------------------------------------------------------------------------------
---------------------------------------------------------------------------------
Finished IO Insertion : Time (s): cpu = 00:01:28 ; elapsed = 00:01:40 . Memory (MB): peak = 1464.773 ; gain = 994.805
---------------------------------------------------------------------------------
---------------------------------------------------------------------------------
Start Renaming Generated Instances
---------------------------------------------------------------------------------
---------------------------------------------------------------------------------
Finished Renaming Generated Instances : Time (s): cpu = 00:01:28 ; elapsed = 00:01:40 . Memory (MB): peak = 1464.773 ; gain = 994.805
---------------------------------------------------------------------------------
CRITICAL WARNING: [Synth 8-6859] multi-driven net on pin UI/cnt_buffer[0] with 1st driver pin 'UI/cnt_buffer_reg[0]/Q' [C:/Verilog/vivado/FPGA_calculator/FPGA_calculator.srcs/sources_1/imports/FPGA_project/interface.v:72]
CRITICAL WARNING: [Synth 8-6859] multi-driven net on pin UI/cnt_buffer[0] with 2nd driver pin 'UI/cnt_buffer_reg[0]__0/Q' [C:/Verilog/vivado/FPGA_calculator/FPGA_calculator.srcs/sources_1/imports/FPGA_project/interface.v:60]
CRITICAL WARNING: [Synth 8-6859] multi-driven net on pin UI/cnt_buffer[2] with 1st driver pin 'UI/cnt_buffer_reg[2]/Q' [C:/Verilog/vivado/FPGA_calculator/FPGA_calculator.srcs/sources_1/imports/FPGA_project/interface.v:72]
CRITICAL WARNING: [Synth 8-6859] multi-driven net on pin UI/cnt_buffer[2] with 2nd driver pin 'UI/cnt_buffer_reg[2]__0/Q' [C:/Verilog/vivado/FPGA_calculator/FPGA_calculator.srcs/sources_1/imports/FPGA_project/interface.v:60]
CRITICAL WARNING: [Synth 8-6859] multi-driven net on pin UI/cnt_buffer[1] with 1st driver pin 'UI/cnt_buffer_reg[1]/Q' [C:/Verilog/vivado/FPGA_calculator/FPGA_calculator.srcs/sources_1/imports/FPGA_project/interface.v:72]
CRITICAL WARNING: [Synth 8-6859] multi-driven net on pin UI/cnt_buffer[1] with 2nd driver pin 'UI/cnt_buffer_reg[1]__0/Q' [C:/Verilog/vivado/FPGA_calculator/FPGA_calculator.srcs/sources_1/imports/FPGA_project/interface.v:60]

Report Check Netlist: 
+------+------------------+-------+---------+-------+------------------+
|      |Item              |Errors |Warnings |Status |Description       |
+------+------------------+-------+---------+-------+------------------+
|1     |multi_driven_nets |      0|        3|Failed |Multi driven nets |
+------+------------------+-------+---------+-------+------------------+
---------------------------------------------------------------------------------
Start Rebuilding User Hierarchy
---------------------------------------------------------------------------------
---------------------------------------------------------------------------------
Finished Rebuilding User Hierarchy : Time (s): cpu = 00:01:28 ; elapsed = 00:01:40 . Memory (MB): peak = 1464.773 ; gain = 994.805
---------------------------------------------------------------------------------
---------------------------------------------------------------------------------
Start Renaming Generated Ports
---------------------------------------------------------------------------------
---------------------------------------------------------------------------------
Finished Renaming Generated Ports : Time (s): cpu = 00:01:28 ; elapsed = 00:01:40 . Memory (MB): peak = 1464.773 ; gain = 994.805
---------------------------------------------------------------------------------
---------------------------------------------------------------------------------
Start Handling Custom Attributes
---------------------------------------------------------------------------------
---------------------------------------------------------------------------------
Finished Handling Custom Attributes : Time (s): cpu = 00:01:28 ; elapsed = 00:01:40 . Memory (MB): peak = 1464.773 ; gain = 994.805
---------------------------------------------------------------------------------
---------------------------------------------------------------------------------
Start Renaming Generated Nets
---------------------------------------------------------------------------------
---------------------------------------------------------------------------------
Finished Renaming Generated Nets : Time (s): cpu = 00:01:28 ; elapsed = 00:01:40 . Memory (MB): peak = 1464.773 ; gain = 994.805
---------------------------------------------------------------------------------
---------------------------------------------------------------------------------
Start Writing Synthesis Report
---------------------------------------------------------------------------------

Report BlackBoxes: 
+-+--------------+----------+
| |BlackBox name |Instances |
+-+--------------+----------+
+-+--------------+----------+

Report Cell Usage: 
+------+-------+------+
|      |Cell   |Count |
+------+-------+------+
|1     |BUFG   |     3|
|2     |CARRY4 |   312|
|3     |LUT1   |   110|
|4     |LUT2   |   338|
|5     |LUT3   |   339|
|6     |LUT4   |   471|
|7     |LUT5   |   214|
|8     |LUT6   |   617|
|9     |FDCE   |   103|
|10    |FDPE   |    28|
|11    |FDRE   |    26|
|12    |LDC    |    16|
|13    |IBUF   |    17|
|14    |OBUF   |    14|
+------+-------+------+

Report Instance Areas: 
+------+---------+---------------+------+
|      |Instance |Module         |Cells |
+------+---------+---------------+------+
|1     |top      |               |  2608|
|2     |  CLK    |clock_divider  |    30|
|3     |  KDI    |keypad_driver  |    78|
|4     |  SDI    |segment_driver |   753|
|5     |  UI     |interface      |  1713|
+------+---------+---------------+------+
---------------------------------------------------------------------------------
Finished Writing Synthesis Report : Time (s): cpu = 00:01:28 ; elapsed = 00:01:40 . Memory (MB): peak = 1464.773 ; gain = 994.805
---------------------------------------------------------------------------------
Synthesis finished with 0 errors, 90 critical warnings and 6 warnings.
Synthesis Optimization Runtime : Time (s): cpu = 00:01:28 ; elapsed = 00:01:40 . Memory (MB): peak = 1464.773 ; gain = 994.805
Synthesis Optimization Complete : Time (s): cpu = 00:01:28 ; elapsed = 00:01:40 . Memory (MB): peak = 1464.773 ; gain = 994.805
INFO: [Project 1-571] Translating synthesized netlist
Netlist sorting complete. Time (s): cpu = 00:00:00 ; elapsed = 00:00:00.046 . Memory (MB): peak = 1464.773 ; gain = 0.000
INFO: [Netlist 29-17] Analyzing 328 Unisim elements for replacement
INFO: [Netlist 29-28] Unisim Transformation completed in 0 CPU seconds
INFO: [Project 1-570] Preparing netlist for logic optimization
INFO: [Opt 31-138] Pushed 0 inverter(s) to 0 load pin(s).
Netlist sorting complete. Time (s): cpu = 00:00:00 ; elapsed = 00:00:00.001 . Memory (MB): peak = 1464.773 ; gain = 0.000
INFO: [Project 1-111] Unisim Transformation Summary:
  A total of 16 instances were transformed.
  LDC => LDCE: 16 instances

Synth Design complete | Checksum: 9e43afb8
INFO: [Common 17-83] Releasing license: Synthesis
32 Infos, 6 Warnings, 90 Critical Warnings and 0 Errors encountered.
synth_design completed successfully
synth_design: Time (s): cpu = 00:01:31 ; elapsed = 00:01:44 . Memory (MB): peak = 1464.773 ; gain = 1019.957
INFO: [runtcl-6] Synthesis results are not added to the cache due to CRITICAL_WARNING
INFO: [Common 17-1381] The checkpoint 'C:/Verilog/vivado/FPGA_calculator/FPGA_calculator.runs/synth_1/top_calculator.dcp' has been generated.
INFO: [runtcl-4] Executing : report_utilization -file top_calculator_utilization_synth.rpt -pb top_calculator_utilization_synth.pb
INFO: [Common 17-206] Exiting Vivado at Mon Dec 18 19:40:50 2023...
