Analysis & Synthesis report for top_calculator
Thu Dec 21 18:37:01 2023
Quartus Prime Version 22.1std.0 Build 915 10/25/2022 SC Lite Edition


---------------------
; Table of Contents ;
---------------------
  1. Legal Notice
  2. Analysis & Synthesis Summary
  3. Analysis & Synthesis Settings
  4. Parallel Compilation
  5. Analysis & Synthesis Source Files Read
  6. Analysis & Synthesis Resource Usage Summary
  7. Analysis & Synthesis Resource Utilization by Entity
  8. State Machine - |top_calculator|interface:UI|state
  9. Registers Removed During Synthesis
 10. Removed Registers Triggering Further Register Optimizations
 11. General Register Statistics
 12. Inverted Register Statistics
 13. Multiplexer Restructuring Statistics (Restructuring Performed)
 14. Post-Synthesis Netlist Statistics for Top Partition
 15. Elapsed Time Per Partition
 16. Analysis & Synthesis Messages
 17. Analysis & Synthesis Suppressed Messages



----------------
; Legal Notice ;
----------------
Copyright (C) 2022  Intel Corporation. All rights reserved.
Your use of Intel Corporation's design tools, logic functions 
and other software and tools, and any partner logic 
functions, and any output files from any of the foregoing 
(including device programming or simulation files), and any 
associated documentation or information are expressly subject 
to the terms and conditions of the Intel Program License 
Subscription Agreement, the Intel Quartus Prime License Agreement,
the Intel FPGA IP License Agreement, or other applicable license
agreement, including, without limitation, that your use is for
the sole purpose of programming logic devices manufactured by
Intel and sold by Intel or its authorized distributors.  Please
refer to the applicable agreement for further details, at
https://fpgasoftware.intel.com/eula.



+-------------------------------------------------------------------------------------+
; Analysis & Synthesis Summary                                                        ;
+------------------------------------+------------------------------------------------+
; Analysis & Synthesis Status        ; Successful - Thu Dec 21 18:37:01 2023          ;
; Quartus Prime Version              ; 22.1std.0 Build 915 10/25/2022 SC Lite Edition ;
; Revision Name                      ; top_calculator                                 ;
; Top-level Entity Name              ; top_calculator                                 ;
; Family                             ; Cyclone IV E                                   ;
; Total logic elements               ; 58                                             ;
;     Total combinational functions  ; 56                                             ;
;     Dedicated logic registers      ; 29                                             ;
; Total registers                    ; 29                                             ;
; Total pins                         ; 31                                             ;
; Total virtual pins                 ; 0                                              ;
; Total memory bits                  ; 0                                              ;
; Embedded Multiplier 9-bit elements ; 0                                              ;
; Total PLLs                         ; 0                                              ;
+------------------------------------+------------------------------------------------+


+------------------------------------------------------------------------------------------------------------+
; Analysis & Synthesis Settings                                                                              ;
+------------------------------------------------------------------+--------------------+--------------------+
; Option                                                           ; Setting            ; Default Value      ;
+------------------------------------------------------------------+--------------------+--------------------+
; Device                                                           ; EP4CE22F17C6       ;                    ;
; Top-level entity name                                            ; top_calculator     ; top_calculator     ;
; Family name                                                      ; Cyclone IV E       ; Cyclone V          ;
; Use smart compilation                                            ; Off                ; Off                ;
; Enable parallel Assembler and Timing Analyzer during compilation ; On                 ; On                 ;
; Enable compact report table                                      ; Off                ; Off                ;
; Restructure Multiplexers                                         ; Auto               ; Auto               ;
; Create Debugging Nodes for IP Cores                              ; Off                ; Off                ;
; Preserve fewer node names                                        ; On                 ; On                 ;
; Intel FPGA IP Evaluation Mode                                    ; Enable             ; Enable             ;
; Verilog Version                                                  ; Verilog_2001       ; Verilog_2001       ;
; VHDL Version                                                     ; VHDL_1993          ; VHDL_1993          ;
; State Machine Processing                                         ; Auto               ; Auto               ;
; Safe State Machine                                               ; Off                ; Off                ;
; Extract Verilog State Machines                                   ; On                 ; On                 ;
; Extract VHDL State Machines                                      ; On                 ; On                 ;
; Ignore Verilog initial constructs                                ; Off                ; Off                ;
; Iteration limit for constant Verilog loops                       ; 5000               ; 5000               ;
; Iteration limit for non-constant Verilog loops                   ; 250                ; 250                ;
; Add Pass-Through Logic to Inferred RAMs                          ; On                 ; On                 ;
; Infer RAMs from Raw Logic                                        ; On                 ; On                 ;
; Parallel Synthesis                                               ; On                 ; On                 ;
; DSP Block Balancing                                              ; Auto               ; Auto               ;
; NOT Gate Push-Back                                               ; On                 ; On                 ;
; Power-Up Don't Care                                              ; On                 ; On                 ;
; Remove Redundant Logic Cells                                     ; Off                ; Off                ;
; Remove Duplicate Registers                                       ; On                 ; On                 ;
; Ignore CARRY Buffers                                             ; Off                ; Off                ;
; Ignore CASCADE Buffers                                           ; Off                ; Off                ;
; Ignore GLOBAL Buffers                                            ; Off                ; Off                ;
; Ignore ROW GLOBAL Buffers                                        ; Off                ; Off                ;
; Ignore LCELL Buffers                                             ; Off                ; Off                ;
; Ignore SOFT Buffers                                              ; On                 ; On                 ;
; Limit AHDL Integers to 32 Bits                                   ; Off                ; Off                ;
; Optimization Technique                                           ; Balanced           ; Balanced           ;
; Carry Chain Length                                               ; 70                 ; 70                 ;
; Auto Carry Chains                                                ; On                 ; On                 ;
; Auto Open-Drain Pins                                             ; On                 ; On                 ;
; Perform WYSIWYG Primitive Resynthesis                            ; Off                ; Off                ;
; Auto ROM Replacement                                             ; On                 ; On                 ;
; Auto RAM Replacement                                             ; On                 ; On                 ;
; Auto DSP Block Replacement                                       ; On                 ; On                 ;
; Auto Shift Register Replacement                                  ; Auto               ; Auto               ;
; Allow Shift Register Merging across Hierarchies                  ; Auto               ; Auto               ;
; Auto Clock Enable Replacement                                    ; On                 ; On                 ;
; Strict RAM Replacement                                           ; Off                ; Off                ;
; Allow Synchronous Control Signals                                ; On                 ; On                 ;
; Force Use of Synchronous Clear Signals                           ; Off                ; Off                ;
; Auto RAM Block Balancing                                         ; On                 ; On                 ;
; Auto RAM to Logic Cell Conversion                                ; Off                ; Off                ;
; Auto Resource Sharing                                            ; Off                ; Off                ;
; Allow Any RAM Size For Recognition                               ; Off                ; Off                ;
; Allow Any ROM Size For Recognition                               ; Off                ; Off                ;
; Allow Any Shift Register Size For Recognition                    ; Off                ; Off                ;
; Use LogicLock Constraints during Resource Balancing              ; On                 ; On                 ;
; Ignore translate_off and synthesis_off directives                ; Off                ; Off                ;
; Timing-Driven Synthesis                                          ; On                 ; On                 ;
; Report Parameter Settings                                        ; On                 ; On                 ;
; Report Source Assignments                                        ; On                 ; On                 ;
; Report Connectivity Checks                                       ; On                 ; On                 ;
; Ignore Maximum Fan-Out Assignments                               ; Off                ; Off                ;
; Synchronization Register Chain Length                            ; 2                  ; 2                  ;
; Power Optimization During Synthesis                              ; Normal compilation ; Normal compilation ;
; HDL message level                                                ; Level2             ; Level2             ;
; Suppress Register Optimization Related Messages                  ; Off                ; Off                ;
; Number of Removed Registers Reported in Synthesis Report         ; 5000               ; 5000               ;
; Number of Swept Nodes Reported in Synthesis Report               ; 5000               ; 5000               ;
; Number of Inverted Registers Reported in Synthesis Report        ; 100                ; 100                ;
; Clock MUX Protection                                             ; On                 ; On                 ;
; Auto Gated Clock Conversion                                      ; Off                ; Off                ;
; Block Design Naming                                              ; Auto               ; Auto               ;
; SDC constraint protection                                        ; Off                ; Off                ;
; Synthesis Effort                                                 ; Auto               ; Auto               ;
; Shift Register Replacement - Allow Asynchronous Clear Signal     ; On                 ; On                 ;
; Pre-Mapping Resynthesis Optimization                             ; Off                ; Off                ;
; Analysis & Synthesis Message Level                               ; Medium             ; Medium             ;
; Disable Register Merging Across Hierarchies                      ; Auto               ; Auto               ;
; Resource Aware Inference For Block RAM                           ; On                 ; On                 ;
+------------------------------------------------------------------+--------------------+--------------------+


+------------------------------------------+
; Parallel Compilation                     ;
+----------------------------+-------------+
; Processors                 ; Number      ;
+----------------------------+-------------+
; Number detected on machine ; 4           ;
; Maximum allowed            ; 2           ;
;                            ;             ;
; Average used               ; 1.00        ;
; Maximum used               ; 2           ;
;                            ;             ;
; Usage by Processor         ; % Time Used ;
;     Processor 1            ; 100.0%      ;
;     Processor 2            ;   0.0%      ;
+----------------------------+-------------+


+----------------------------------------------------------------------------------------------------------------------------------+
; Analysis & Synthesis Source Files Read                                                                                           ;
+----------------------------------+-----------------+------------------------+------------------------------------------+---------+
; File Name with User-Entered Path ; Used in Netlist ; File Type              ; File Name with Absolute Path             ; Library ;
+----------------------------------+-----------------+------------------------+------------------------------------------+---------+
; top_calculator.v                 ; yes             ; User Verilog HDL File  ; C:/Verilog/FPGA_project/top_calculator.v ;         ;
; segment_driver.v                 ; yes             ; User Verilog HDL File  ; C:/Verilog/FPGA_project/segment_driver.v ;         ;
; keypad_driver.v                  ; yes             ; User Verilog HDL File  ; C:/Verilog/FPGA_project/keypad_driver.v  ;         ;
; interface.v                      ; yes             ; User Verilog HDL File  ; C:/Verilog/FPGA_project/interface.v      ;         ;
; clock_divider.v                  ; yes             ; User Verilog HDL File  ; C:/Verilog/FPGA_project/clock_divider.v  ;         ;
; calculate.v                      ; yes             ; User Verilog HDL File  ; C:/Verilog/FPGA_project/calculate.v      ;         ;
+----------------------------------+-----------------+------------------------+------------------------------------------+---------+


+------------------------------------------------------------+
; Analysis & Synthesis Resource Usage Summary                ;
+---------------------------------------------+--------------+
; Resource                                    ; Usage        ;
+---------------------------------------------+--------------+
; Estimated Total logic elements              ; 58           ;
;                                             ;              ;
; Total combinational functions               ; 56           ;
; Logic element usage by number of LUT inputs ;              ;
;     -- 4 input functions                    ; 10           ;
;     -- 3 input functions                    ; 20           ;
;     -- <=2 input functions                  ; 26           ;
;                                             ;              ;
; Logic elements by mode                      ;              ;
;     -- normal mode                          ; 41           ;
;     -- arithmetic mode                      ; 15           ;
;                                             ;              ;
; Total registers                             ; 29           ;
;     -- Dedicated logic registers            ; 29           ;
;     -- I/O registers                        ; 0            ;
;                                             ;              ;
; I/O pins                                    ; 31           ;
;                                             ;              ;
; Embedded Multiplier 9-bit elements          ; 0            ;
;                                             ;              ;
; Maximum fan-out node                        ; pb[12]~input ;
; Maximum fan-out                             ; 31           ;
; Total fan-out                               ; 256          ;
; Average fan-out                             ; 1.74         ;
+---------------------------------------------+--------------+


+----------------------------------------------------------------------------------------------------------------------------------------------------------------------------------------------------------------------------+
; Analysis & Synthesis Resource Utilization by Entity                                                                                                                                                                        ;
+----------------------------+---------------------+---------------------------+-------------+--------------+---------+-----------+------+--------------+------------------------------------+----------------+--------------+
; Compilation Hierarchy Node ; Combinational ALUTs ; Dedicated Logic Registers ; Memory Bits ; DSP Elements ; DSP 9x9 ; DSP 18x18 ; Pins ; Virtual Pins ; Full Hierarchy Name                ; Entity Name    ; Library Name ;
+----------------------------+---------------------+---------------------------+-------------+--------------+---------+-----------+------+--------------+------------------------------------+----------------+--------------+
; |top_calculator            ; 56 (0)              ; 29 (0)                    ; 0           ; 0            ; 0       ; 0         ; 31   ; 0            ; |top_calculator                    ; top_calculator ; work         ;
;    |clock_divider:CLK|     ; 17 (17)             ; 18 (18)                   ; 0           ; 0            ; 0       ; 0         ; 0    ; 0            ; |top_calculator|clock_divider:CLK  ; clock_divider  ; work         ;
;    |segment_driver:SDI|    ; 39 (39)             ; 11 (11)                   ; 0           ; 0            ; 0       ; 0         ; 0    ; 0            ; |top_calculator|segment_driver:SDI ; segment_driver ; work         ;
+----------------------------+---------------------+---------------------------+-------------+--------------+---------+-----------+------+--------------+------------------------------------+----------------+--------------+
Note: For table entries with two numbers listed, the numbers in parentheses indicate the number of resources of the given type used by the specific entity alone. The numbers listed outside of parentheses indicate the total resources of the given type used by the specific entity and all of its sub-entities in the hierarchy.


Encoding Type:  One-Hot
+-------------------------------------------------------------------------------------------------------------------------------+
; State Machine - |top_calculator|interface:UI|state                                                                            ;
+-------------------+-------------+-------------------+-------------------+-------------------+-------------------+-------------+
; Name              ; state.ERROR ; state.calculating ; state.operand2_in ; state.operator_in ; state.operand1_in ; state.ideal ;
+-------------------+-------------+-------------------+-------------------+-------------------+-------------------+-------------+
; state.ideal       ; 0           ; 0                 ; 0                 ; 0                 ; 0                 ; 0           ;
; state.operand1_in ; 0           ; 0                 ; 0                 ; 0                 ; 1                 ; 1           ;
; state.operator_in ; 0           ; 0                 ; 0                 ; 1                 ; 0                 ; 1           ;
; state.operand2_in ; 0           ; 0                 ; 1                 ; 0                 ; 0                 ; 1           ;
; state.calculating ; 0           ; 1                 ; 0                 ; 0                 ; 0                 ; 1           ;
; state.ERROR       ; 1           ; 0                 ; 0                 ; 0                 ; 0                 ; 1           ;
+-------------------+-------------+-------------------+-------------------+-------------------+-------------------+-------------+


+----------------------------------------------------------------------------------------+
; Registers Removed During Synthesis                                                     ;
+-----------------------------------------+----------------------------------------------+
; Register name                           ; Reason for Removal                           ;
+-----------------------------------------+----------------------------------------------+
; keypad_driver:KDI|eBCD[0..4]            ; Stuck at GND due to stuck port data_in       ;
; segment_driver:SDI|segment[5][7]        ; Stuck at GND due to stuck port data_in       ;
; segment_driver:SDI|segment[4][7]        ; Stuck at GND due to stuck port data_in       ;
; segment_driver:SDI|segment[3][7]        ; Stuck at GND due to stuck port data_in       ;
; segment_driver:SDI|segment[2][7]        ; Stuck at GND due to stuck port data_in       ;
; segment_driver:SDI|segment[1][7]        ; Stuck at GND due to stuck port data_in       ;
; segment_driver:SDI|segment[0][7]        ; Stuck at GND due to stuck port data_in       ;
; interface:UI|eBCD_1st[0..4]             ; Stuck at GND due to stuck port data_in       ;
; interface:UI|eBCD_2nd[0..4]             ; Stuck at GND due to stuck port data_in       ;
; interface:UI|buffer[0..2]               ; Merged with interface:UI|buffer[3]           ;
; interface:UI|buffer_toggle              ; Stuck at GND due to stuck port data_in       ;
; segment_driver:SDI|fnd_d[7]             ; Stuck at GND due to stuck port data_in       ;
; interface:UI|cal_enable                 ; Stuck at GND due to stuck port data_in       ;
; interface:UI|buffer[3]                  ; Stuck at GND due to stuck port data_in       ;
; interface:UI|cnt_buffer                 ; Stuck at GND due to stuck port data_in       ;
; interface:UI|operand1[0..31]            ; Stuck at GND due to stuck port clock_enable  ;
; interface:UI|operand2[0..31]            ; Stuck at GND due to stuck port clock_enable  ;
; interface:UI|fnd_serial[24..31]         ; Stuck at GND due to stuck port clock_enable  ;
; interface:UI|fnd_serial[22,23]          ; Stuck at VCC due to stuck port clock_enable  ;
; interface:UI|fnd_serial[20,21]          ; Stuck at GND due to stuck port clock_enable  ;
; interface:UI|fnd_serial[18,19]          ; Stuck at VCC due to stuck port clock_enable  ;
; interface:UI|fnd_serial[0..17]          ; Stuck at GND due to stuck port clock_enable  ;
; interface:UI|operator[2]                ; Stuck at GND due to stuck port clock_enable  ;
; interface:UI|cnt_input[0..2]            ; Stuck at GND due to stuck port clock_enable  ;
; calculate:CAL|result[0..63]             ; Stuck at GND due to stuck port clock         ;
; interface:UI|signBit                    ; Stuck at GND due to stuck port clock_enable  ;
; interface:UI|mem[0..31]                 ; Stuck at GND due to stuck port clock_enable  ;
; segment_driver:SDI|segment[5][3]        ; Stuck at GND due to stuck port data_in       ;
; segment_driver:SDI|segment[5][0]        ; Stuck at GND due to stuck port data_in       ;
; segment_driver:SDI|segment[5][5]        ; Stuck at GND due to stuck port data_in       ;
; segment_driver:SDI|segment[5][4]        ; Stuck at GND due to stuck port data_in       ;
; segment_driver:SDI|segment[5][2]        ; Stuck at GND due to stuck port data_in       ;
; segment_driver:SDI|segment[5][1]        ; Stuck at GND due to stuck port data_in       ;
; segment_driver:SDI|segment[4][5]        ; Stuck at GND due to stuck port data_in       ;
; segment_driver:SDI|segment[4][4]        ; Stuck at GND due to stuck port data_in       ;
; segment_driver:SDI|segment[4][3]        ; Stuck at GND due to stuck port data_in       ;
; segment_driver:SDI|segment[4][2]        ; Stuck at GND due to stuck port data_in       ;
; segment_driver:SDI|segment[4][1]        ; Stuck at GND due to stuck port data_in       ;
; segment_driver:SDI|segment[4][0]        ; Stuck at GND due to stuck port data_in       ;
; segment_driver:SDI|segment[3][5]        ; Stuck at GND due to stuck port data_in       ;
; segment_driver:SDI|segment[3][4]        ; Stuck at GND due to stuck port data_in       ;
; segment_driver:SDI|segment[3][3]        ; Stuck at GND due to stuck port data_in       ;
; segment_driver:SDI|segment[3][2]        ; Stuck at GND due to stuck port data_in       ;
; segment_driver:SDI|segment[3][1]        ; Stuck at GND due to stuck port data_in       ;
; segment_driver:SDI|segment[3][0]        ; Stuck at GND due to stuck port data_in       ;
; segment_driver:SDI|segment[2][5]        ; Stuck at GND due to stuck port data_in       ;
; segment_driver:SDI|segment[2][4]        ; Stuck at GND due to stuck port data_in       ;
; segment_driver:SDI|segment[2][3]        ; Stuck at GND due to stuck port data_in       ;
; segment_driver:SDI|segment[2][2]        ; Stuck at GND due to stuck port data_in       ;
; segment_driver:SDI|segment[2][1]        ; Stuck at GND due to stuck port data_in       ;
; segment_driver:SDI|segment[2][0]        ; Stuck at GND due to stuck port data_in       ;
; segment_driver:SDI|segment[1][5]        ; Stuck at GND due to stuck port data_in       ;
; segment_driver:SDI|segment[1][4]        ; Stuck at GND due to stuck port data_in       ;
; segment_driver:SDI|segment[1][3]        ; Stuck at GND due to stuck port data_in       ;
; segment_driver:SDI|segment[1][2]        ; Stuck at GND due to stuck port data_in       ;
; segment_driver:SDI|segment[1][1]        ; Stuck at GND due to stuck port data_in       ;
; segment_driver:SDI|segment[1][0]        ; Stuck at GND due to stuck port data_in       ;
; segment_driver:SDI|segment[0][5]        ; Stuck at GND due to stuck port data_in       ;
; segment_driver:SDI|segment[0][4]        ; Stuck at GND due to stuck port data_in       ;
; segment_driver:SDI|segment[0][3]        ; Stuck at GND due to stuck port data_in       ;
; segment_driver:SDI|segment[0][2]        ; Stuck at GND due to stuck port data_in       ;
; segment_driver:SDI|segment[0][1]        ; Stuck at GND due to stuck port data_in       ;
; segment_driver:SDI|segment[0][0]        ; Stuck at GND due to stuck port data_in       ;
; segment_driver:SDI|fnd_d[0..5]          ; Stuck at GND due to stuck port data_in       ;
; interface:UI|operator[0]                ; Merged with interface:UI|operator[1]         ;
; interface:UI|operator[1]                ; Lost fanout                                  ;
; interface:UI|state~10                   ; Lost fanout                                  ;
; interface:UI|state~11                   ; Lost fanout                                  ;
; interface:UI|state~12                   ; Lost fanout                                  ;
; clock_divider:CLK|sw_clk                ; Lost fanout                                  ;
; interface:UI|state.ideal                ; Lost fanout                                  ;
; interface:UI|state.operand1_in          ; Lost fanout                                  ;
; interface:UI|state.operator_in          ; Lost fanout                                  ;
; interface:UI|state.operand2_in          ; Lost fanout                                  ;
; interface:UI|state.calculating          ; Lost fanout                                  ;
; interface:UI|state.ERROR                ; Lost fanout                                  ;
; segment_driver:SDI|segment[1][6]        ; Merged with segment_driver:SDI|segment[0][6] ;
; segment_driver:SDI|segment[2][6]        ; Merged with segment_driver:SDI|segment[0][6] ;
; segment_driver:SDI|segment[3][6]        ; Merged with segment_driver:SDI|segment[0][6] ;
; segment_driver:SDI|segment[4][6]        ; Merged with segment_driver:SDI|segment[0][6] ;
; segment_driver:SDI|segment[5][6]        ; Merged with segment_driver:SDI|segment[0][6] ;
; clock_divider:CLK|init_counter[17..31]  ; Lost fanout                                  ;
; Total Number of Removed Registers = 300 ;                                              ;
+-----------------------------------------+----------------------------------------------+


+--------------------------------------------------------------------------------------------------------------------------------------------------------+
; Removed Registers Triggering Further Register Optimizations                                                                                            ;
+----------------------------------+---------------------------+-----------------------------------------------------------------------------------------+
; Register name                    ; Reason for Removal        ; Registers Removed due to This Register                                                  ;
+----------------------------------+---------------------------+-----------------------------------------------------------------------------------------+
; keypad_driver:KDI|eBCD[4]        ; Stuck at GND              ; interface:UI|eBCD_1st[4], interface:UI|buffer_toggle, interface:UI|cal_enable,          ;
;                                  ; due to stuck port data_in ; interface:UI|buffer[3], interface:UI|cnt_buffer, interface:UI|operand1[31],             ;
;                                  ;                           ; interface:UI|operand1[30], interface:UI|operand1[29], interface:UI|operand1[28],        ;
;                                  ;                           ; interface:UI|operand1[27], interface:UI|operand1[26], interface:UI|operand1[25],        ;
;                                  ;                           ; interface:UI|operand1[24], interface:UI|operand1[23], interface:UI|operand1[22],        ;
;                                  ;                           ; interface:UI|operand1[21], interface:UI|operand1[20], interface:UI|operand1[19],        ;
;                                  ;                           ; interface:UI|operand1[18], interface:UI|operand1[17], interface:UI|operand1[16],        ;
;                                  ;                           ; interface:UI|operand1[15], interface:UI|operand1[14], interface:UI|operand1[13],        ;
;                                  ;                           ; interface:UI|operand1[12], interface:UI|operand1[11], interface:UI|operand1[10],        ;
;                                  ;                           ; interface:UI|operand1[9], interface:UI|operand1[8], interface:UI|operand1[7],           ;
;                                  ;                           ; interface:UI|operand1[6], interface:UI|operand1[5], interface:UI|operand1[4],           ;
;                                  ;                           ; interface:UI|operand1[3], interface:UI|operand1[2], interface:UI|operand1[1],           ;
;                                  ;                           ; interface:UI|operand1[0], interface:UI|operand2[31], interface:UI|operand2[30],         ;
;                                  ;                           ; interface:UI|operand2[29], interface:UI|operand2[28], interface:UI|operand2[27],        ;
;                                  ;                           ; interface:UI|operand2[26], interface:UI|operand2[25], interface:UI|operand2[24],        ;
;                                  ;                           ; interface:UI|operand2[23], interface:UI|operand2[22], interface:UI|operand2[21],        ;
;                                  ;                           ; interface:UI|operand2[20], interface:UI|operand2[19], interface:UI|operand2[18],        ;
;                                  ;                           ; interface:UI|operand2[17], interface:UI|operand2[16], interface:UI|operand2[15],        ;
;                                  ;                           ; interface:UI|operand2[14], interface:UI|operand2[13], interface:UI|operand2[12],        ;
;                                  ;                           ; interface:UI|operand2[11], interface:UI|operand2[10], interface:UI|operand2[9],         ;
;                                  ;                           ; interface:UI|operand2[8], interface:UI|operand2[7], interface:UI|operand2[6],           ;
;                                  ;                           ; interface:UI|operand2[5], interface:UI|operand2[4], interface:UI|operand2[3],           ;
;                                  ;                           ; interface:UI|operand2[2], interface:UI|operand2[1], interface:UI|operand2[0],           ;
;                                  ;                           ; interface:UI|fnd_serial[31], interface:UI|fnd_serial[30],                               ;
;                                  ;                           ; interface:UI|fnd_serial[29], interface:UI|fnd_serial[28],                               ;
;                                  ;                           ; interface:UI|fnd_serial[27], interface:UI|fnd_serial[26],                               ;
;                                  ;                           ; interface:UI|fnd_serial[25], interface:UI|fnd_serial[24],                               ;
;                                  ;                           ; interface:UI|fnd_serial[23], interface:UI|fnd_serial[22],                               ;
;                                  ;                           ; interface:UI|fnd_serial[21], interface:UI|fnd_serial[20],                               ;
;                                  ;                           ; interface:UI|fnd_serial[19], interface:UI|fnd_serial[18],                               ;
;                                  ;                           ; interface:UI|fnd_serial[17], interface:UI|fnd_serial[16],                               ;
;                                  ;                           ; interface:UI|fnd_serial[15], interface:UI|fnd_serial[14],                               ;
;                                  ;                           ; interface:UI|fnd_serial[13], interface:UI|fnd_serial[12],                               ;
;                                  ;                           ; interface:UI|fnd_serial[11], interface:UI|fnd_serial[10], interface:UI|fnd_serial[9],   ;
;                                  ;                           ; interface:UI|fnd_serial[8], interface:UI|fnd_serial[7], interface:UI|fnd_serial[6],     ;
;                                  ;                           ; interface:UI|fnd_serial[5], interface:UI|fnd_serial[4], interface:UI|fnd_serial[3],     ;
;                                  ;                           ; interface:UI|fnd_serial[2], interface:UI|fnd_serial[1], interface:UI|fnd_serial[0],     ;
;                                  ;                           ; interface:UI|operator[2], interface:UI|cnt_input[2], interface:UI|cnt_input[1],         ;
;                                  ;                           ; interface:UI|cnt_input[0], calculate:CAL|result[0], calculate:CAL|result[63],           ;
;                                  ;                           ; calculate:CAL|result[62], calculate:CAL|result[61], calculate:CAL|result[60],           ;
;                                  ;                           ; calculate:CAL|result[59], calculate:CAL|result[58], calculate:CAL|result[57],           ;
;                                  ;                           ; calculate:CAL|result[56], calculate:CAL|result[55], calculate:CAL|result[54],           ;
;                                  ;                           ; calculate:CAL|result[53], calculate:CAL|result[52], calculate:CAL|result[51],           ;
;                                  ;                           ; calculate:CAL|result[50], calculate:CAL|result[49], calculate:CAL|result[48],           ;
;                                  ;                           ; calculate:CAL|result[47], calculate:CAL|result[46], calculate:CAL|result[45],           ;
;                                  ;                           ; calculate:CAL|result[44], calculate:CAL|result[43], calculate:CAL|result[42],           ;
;                                  ;                           ; calculate:CAL|result[41], calculate:CAL|result[40], calculate:CAL|result[39],           ;
;                                  ;                           ; calculate:CAL|result[38], calculate:CAL|result[37], calculate:CAL|result[36],           ;
;                                  ;                           ; calculate:CAL|result[35], calculate:CAL|result[34], calculate:CAL|result[33],           ;
;                                  ;                           ; calculate:CAL|result[32], calculate:CAL|result[31], calculate:CAL|result[30],           ;
;                                  ;                           ; calculate:CAL|result[29], calculate:CAL|result[28], calculate:CAL|result[27],           ;
;                                  ;                           ; calculate:CAL|result[26], calculate:CAL|result[25], calculate:CAL|result[24],           ;
;                                  ;                           ; calculate:CAL|result[23], calculate:CAL|result[22], calculate:CAL|result[21],           ;
;                                  ;                           ; calculate:CAL|result[20], calculate:CAL|result[19], calculate:CAL|result[18],           ;
;                                  ;                           ; calculate:CAL|result[17], calculate:CAL|result[16], calculate:CAL|result[15],           ;
;                                  ;                           ; calculate:CAL|result[14], calculate:CAL|result[13], calculate:CAL|result[12],           ;
;                                  ;                           ; calculate:CAL|result[11], calculate:CAL|result[10], calculate:CAL|result[9],            ;
;                                  ;                           ; calculate:CAL|result[8], calculate:CAL|result[7], calculate:CAL|result[6],              ;
;                                  ;                           ; calculate:CAL|result[5], calculate:CAL|result[4], calculate:CAL|result[3],              ;
;                                  ;                           ; calculate:CAL|result[2], calculate:CAL|result[1], interface:UI|signBit,                 ;
;                                  ;                           ; interface:UI|mem[31], interface:UI|mem[30], interface:UI|mem[29], interface:UI|mem[28], ;
;                                  ;                           ; interface:UI|mem[27], interface:UI|mem[26], interface:UI|mem[25], interface:UI|mem[24], ;
;                                  ;                           ; interface:UI|mem[23], interface:UI|mem[22], interface:UI|mem[21], interface:UI|mem[20], ;
;                                  ;                           ; interface:UI|mem[19], interface:UI|mem[18], interface:UI|mem[17], interface:UI|mem[16], ;
;                                  ;                           ; interface:UI|mem[15], interface:UI|mem[14], interface:UI|mem[13], interface:UI|mem[12], ;
;                                  ;                           ; interface:UI|mem[11], interface:UI|mem[10], interface:UI|mem[9], interface:UI|mem[8],   ;
;                                  ;                           ; interface:UI|mem[7], interface:UI|mem[6], interface:UI|mem[5], interface:UI|mem[4],     ;
;                                  ;                           ; interface:UI|mem[3], interface:UI|mem[2], interface:UI|mem[1], interface:UI|mem[0],     ;
;                                  ;                           ; segment_driver:SDI|segment[5][3], segment_driver:SDI|segment[5][0],                     ;
;                                  ;                           ; segment_driver:SDI|segment[5][5], segment_driver:SDI|segment[5][4],                     ;
;                                  ;                           ; segment_driver:SDI|segment[5][2], segment_driver:SDI|segment[5][1],                     ;
;                                  ;                           ; segment_driver:SDI|segment[4][5], segment_driver:SDI|segment[4][4],                     ;
;                                  ;                           ; segment_driver:SDI|segment[4][3], segment_driver:SDI|segment[4][2],                     ;
;                                  ;                           ; segment_driver:SDI|segment[4][1], segment_driver:SDI|segment[4][0],                     ;
;                                  ;                           ; segment_driver:SDI|segment[3][5], segment_driver:SDI|segment[3][4],                     ;
;                                  ;                           ; segment_driver:SDI|segment[3][3], segment_driver:SDI|segment[3][2],                     ;
;                                  ;                           ; segment_driver:SDI|segment[3][1], segment_driver:SDI|segment[3][0],                     ;
;                                  ;                           ; segment_driver:SDI|segment[2][5], segment_driver:SDI|segment[2][4],                     ;
;                                  ;                           ; segment_driver:SDI|segment[2][3], segment_driver:SDI|segment[2][2],                     ;
;                                  ;                           ; segment_driver:SDI|segment[2][1], segment_driver:SDI|segment[2][0],                     ;
;                                  ;                           ; segment_driver:SDI|segment[1][5], segment_driver:SDI|segment[1][4],                     ;
;                                  ;                           ; segment_driver:SDI|segment[1][3], segment_driver:SDI|segment[1][2],                     ;
;                                  ;                           ; segment_driver:SDI|segment[1][1], segment_driver:SDI|segment[1][0],                     ;
;                                  ;                           ; segment_driver:SDI|segment[0][5], segment_driver:SDI|segment[0][4],                     ;
;                                  ;                           ; segment_driver:SDI|segment[0][3], segment_driver:SDI|segment[0][2],                     ;
;                                  ;                           ; segment_driver:SDI|segment[0][1], segment_driver:SDI|segment[0][0],                     ;
;                                  ;                           ; segment_driver:SDI|fnd_d[5], segment_driver:SDI|fnd_d[4],                               ;
;                                  ;                           ; segment_driver:SDI|fnd_d[3], segment_driver:SDI|fnd_d[2],                               ;
;                                  ;                           ; segment_driver:SDI|fnd_d[1], segment_driver:SDI|fnd_d[0], interface:UI|operator[1]      ;
; keypad_driver:KDI|eBCD[0]        ; Stuck at GND              ; interface:UI|eBCD_1st[0], interface:UI|eBCD_2nd[0], clock_divider:CLK|sw_clk,           ;
;                                  ; due to stuck port data_in ; clock_divider:CLK|init_counter[20]                                                      ;
; interface:UI|state~10            ; Lost Fanouts              ; interface:UI|state.operand1_in, interface:UI|state.operand2_in                          ;
; interface:UI|state~11            ; Lost Fanouts              ; interface:UI|state.operator_in, interface:UI|state.ERROR                                ;
; keypad_driver:KDI|eBCD[3]        ; Stuck at GND              ; interface:UI|eBCD_1st[3]                                                                ;
;                                  ; due to stuck port data_in ;                                                                                         ;
; keypad_driver:KDI|eBCD[2]        ; Stuck at GND              ; interface:UI|eBCD_1st[2]                                                                ;
;                                  ; due to stuck port data_in ;                                                                                         ;
; keypad_driver:KDI|eBCD[1]        ; Stuck at GND              ; interface:UI|eBCD_1st[1]                                                                ;
;                                  ; due to stuck port data_in ;                                                                                         ;
; segment_driver:SDI|segment[5][7] ; Stuck at GND              ; segment_driver:SDI|fnd_d[7]                                                             ;
;                                  ; due to stuck port data_in ;                                                                                         ;
; interface:UI|state~12            ; Lost Fanouts              ; interface:UI|state.calculating                                                          ;
+----------------------------------+---------------------------+-----------------------------------------------------------------------------------------+


+------------------------------------------------------+
; General Register Statistics                          ;
+----------------------------------------------+-------+
; Statistic                                    ; Value ;
+----------------------------------------------+-------+
; Total registers                              ; 29    ;
; Number of registers using Synchronous Clear  ; 0     ;
; Number of registers using Synchronous Load   ; 0     ;
; Number of registers using Asynchronous Clear ; 11    ;
; Number of registers using Asynchronous Load  ; 0     ;
; Number of registers using Clock Enable       ; 0     ;
; Number of registers using Preset             ; 0     ;
+----------------------------------------------+-------+


+--------------------------------------------------+
; Inverted Register Statistics                     ;
+----------------------------------------+---------+
; Inverted Register                      ; Fan out ;
+----------------------------------------+---------+
; segment_driver:SDI|segment[0][6]       ; 1       ;
; Total number of inverted registers = 1 ;         ;
+----------------------------------------+---------+


+-------------------------------------------------------------------------------------------------------------------------------------------------------------+
; Multiplexer Restructuring Statistics (Restructuring Performed)                                                                                              ;
+--------------------+-----------+---------------+----------------------+------------------------+------------+-----------------------------------------------+
; Multiplexer Inputs ; Bus Width ; Baseline Area ; Area if Restructured ; Saving if Restructured ; Registered ; Example Multiplexer Output                    ;
+--------------------+-----------+---------------+----------------------+------------------------+------------+-----------------------------------------------+
; 3:1                ; 2 bits    ; 4 LEs         ; 2 LEs                ; 2 LEs                  ; No         ; |top_calculator|segment_driver:SDI|ShiftLeft0 ;
+--------------------+-----------+---------------+----------------------+------------------------+------------+-----------------------------------------------+


+-----------------------------------------------------+
; Post-Synthesis Netlist Statistics for Top Partition ;
+-----------------------+-----------------------------+
; Type                  ; Count                       ;
+-----------------------+-----------------------------+
; boundary_port         ; 31                          ;
; cycloneiii_ff         ; 29                          ;
;     CLR               ; 11                          ;
;     plain             ; 18                          ;
; cycloneiii_lcell_comb ; 57                          ;
;     arith             ; 15                          ;
;         2 data inputs ; 14                          ;
;         3 data inputs ; 1                           ;
;     normal            ; 42                          ;
;         0 data inputs ; 1                           ;
;         1 data inputs ; 2                           ;
;         2 data inputs ; 10                          ;
;         3 data inputs ; 19                          ;
;         4 data inputs ; 10                          ;
;                       ;                             ;
; Max LUT depth         ; 2.50                        ;
; Average LUT depth     ; 1.73                        ;
+-----------------------+-----------------------------+


+-------------------------------+
; Elapsed Time Per Partition    ;
+----------------+--------------+
; Partition Name ; Elapsed Time ;
+----------------+--------------+
; Top            ; 00:00:00     ;
+----------------+--------------+


+-------------------------------+
; Analysis & Synthesis Messages ;
+-------------------------------+
Info: *******************************************************************
Info: Running Quartus Prime Analysis & Synthesis
    Info: Version 22.1std.0 Build 915 10/25/2022 SC Lite Edition
    Info: Processing started: Thu Dec 21 18:36:45 2023
Info: Command: quartus_map --read_settings_files=on --write_settings_files=off top_calculator -c top_calculator
Warning (18236): Number of processors has not been specified which may cause overloading on shared machines.  Set the global assignment NUM_PARALLEL_PROCESSORS in your QSF to an appropriate value for best performance.
Info (20030): Parallel compilation is enabled and will use 2 of the 2 processors detected
Info (12021): Found 1 design units, including 1 entities, in source file top_calculator.v
    Info (12023): Found entity 1: top_calculator File: C:/Verilog/FPGA_project/top_calculator.v Line: 1
Info (12021): Found 1 design units, including 1 entities, in source file segment_driver.v
    Info (12023): Found entity 1: segment_driver File: C:/Verilog/FPGA_project/segment_driver.v Line: 1
Info (12021): Found 1 design units, including 1 entities, in source file keypad_driver.v
    Info (12023): Found entity 1: keypad_driver File: C:/Verilog/FPGA_project/keypad_driver.v Line: 9
Warning (10463): Verilog HDL Declaration warning at interface.v(1): "interface" is SystemVerilog-2005 keyword File: C:/Verilog/FPGA_project/interface.v Line: 1
Info (12021): Found 1 design units, including 1 entities, in source file interface.v
    Info (12023): Found entity 1: interface File: C:/Verilog/FPGA_project/interface.v Line: 1
Info (12021): Found 1 design units, including 1 entities, in source file clock_divider.v
    Info (12023): Found entity 1: clock_divider File: C:/Verilog/FPGA_project/clock_divider.v Line: 1
Info (12021): Found 1 design units, including 1 entities, in source file calculate.v
    Info (12023): Found entity 1: calculate File: C:/Verilog/FPGA_project/calculate.v Line: 1
Info (12127): Elaborating entity "top_calculator" for the top level hierarchy
Info (12128): Elaborating entity "clock_divider" for hierarchy "clock_divider:CLK" File: C:/Verilog/FPGA_project/top_calculator.v Line: 31
Info (12128): Elaborating entity "segment_driver" for hierarchy "segment_driver:SDI" File: C:/Verilog/FPGA_project/top_calculator.v Line: 34
Warning (10230): Verilog HDL assignment warning at segment_driver.v(276): truncated value with size 32 to match size of target (3) File: C:/Verilog/FPGA_project/segment_driver.v Line: 276
Warning (10762): Verilog HDL Case Statement warning at segment_driver.v(56): can't check case statement for completeness because the case expression has too many possible states File: C:/Verilog/FPGA_project/segment_driver.v Line: 56
Warning (10776): Verilog HDL warning at segment_driver.v(51): variable signBit in static task or function set_segment may have unintended latch behavior File: C:/Verilog/FPGA_project/segment_driver.v Line: 51
Warning (10776): Verilog HDL warning at segment_driver.v(49): variable data in static task or function set_segment may have unintended latch behavior File: C:/Verilog/FPGA_project/segment_driver.v Line: 49
Warning (10230): Verilog HDL assignment warning at segment_driver.v(288): truncated value with size 32 to match size of target (3) File: C:/Verilog/FPGA_project/segment_driver.v Line: 288
Warning (10030): Net "set_segment.segment" at segment_driver.v(50) has no driver or initial value, using a default initial value '0' File: C:/Verilog/FPGA_project/segment_driver.v Line: 50
Info (10041): Inferred latch for "set_segment.segment[0][0]" at segment_driver.v(243) File: C:/Verilog/FPGA_project/segment_driver.v Line: 243
Info (12128): Elaborating entity "keypad_driver" for hierarchy "keypad_driver:KDI" File: C:/Verilog/FPGA_project/top_calculator.v Line: 37
Warning (10199): Verilog HDL Case Statement warning at keypad_driver.v(22): case item expression never matches the case expression File: C:/Verilog/FPGA_project/keypad_driver.v Line: 22
Warning (10199): Verilog HDL Case Statement warning at keypad_driver.v(25): case item expression never matches the case expression File: C:/Verilog/FPGA_project/keypad_driver.v Line: 25
Warning (10199): Verilog HDL Case Statement warning at keypad_driver.v(28): case item expression never matches the case expression File: C:/Verilog/FPGA_project/keypad_driver.v Line: 28
Warning (10199): Verilog HDL Case Statement warning at keypad_driver.v(31): case item expression never matches the case expression File: C:/Verilog/FPGA_project/keypad_driver.v Line: 31
Warning (10199): Verilog HDL Case Statement warning at keypad_driver.v(34): case item expression never matches the case expression File: C:/Verilog/FPGA_project/keypad_driver.v Line: 34
Warning (10199): Verilog HDL Case Statement warning at keypad_driver.v(37): case item expression never matches the case expression File: C:/Verilog/FPGA_project/keypad_driver.v Line: 37
Warning (10199): Verilog HDL Case Statement warning at keypad_driver.v(40): case item expression never matches the case expression File: C:/Verilog/FPGA_project/keypad_driver.v Line: 40
Warning (10199): Verilog HDL Case Statement warning at keypad_driver.v(43): case item expression never matches the case expression File: C:/Verilog/FPGA_project/keypad_driver.v Line: 43
Warning (10199): Verilog HDL Case Statement warning at keypad_driver.v(46): case item expression never matches the case expression File: C:/Verilog/FPGA_project/keypad_driver.v Line: 46
Warning (10199): Verilog HDL Case Statement warning at keypad_driver.v(49): case item expression never matches the case expression File: C:/Verilog/FPGA_project/keypad_driver.v Line: 49
Warning (10199): Verilog HDL Case Statement warning at keypad_driver.v(52): case item expression never matches the case expression File: C:/Verilog/FPGA_project/keypad_driver.v Line: 52
Warning (10199): Verilog HDL Case Statement warning at keypad_driver.v(55): case item expression never matches the case expression File: C:/Verilog/FPGA_project/keypad_driver.v Line: 55
Warning (10199): Verilog HDL Case Statement warning at keypad_driver.v(62): case item expression never matches the case expression File: C:/Verilog/FPGA_project/keypad_driver.v Line: 62
Warning (10199): Verilog HDL Case Statement warning at keypad_driver.v(65): case item expression never matches the case expression File: C:/Verilog/FPGA_project/keypad_driver.v Line: 65
Warning (10199): Verilog HDL Case Statement warning at keypad_driver.v(68): case item expression never matches the case expression File: C:/Verilog/FPGA_project/keypad_driver.v Line: 68
Warning (10762): Verilog HDL Case Statement warning at keypad_driver.v(21): can't check case statement for completeness because the case expression has too many possible states File: C:/Verilog/FPGA_project/keypad_driver.v Line: 21
Info (12128): Elaborating entity "calculate" for hierarchy "calculate:CAL" File: C:/Verilog/FPGA_project/top_calculator.v Line: 41
Warning (10230): Verilog HDL assignment warning at calculate.v(41): truncated value with size 64 to match size of target (32) File: C:/Verilog/FPGA_project/calculate.v Line: 41
Info (12128): Elaborating entity "interface" for hierarchy "interface:UI" File: C:/Verilog/FPGA_project/top_calculator.v Line: 44
Warning (10230): Verilog HDL assignment warning at interface.v(139): truncated value with size 32 to match size of target (3) File: C:/Verilog/FPGA_project/interface.v Line: 139
Warning (10230): Verilog HDL assignment warning at interface.v(154): truncated value with size 32 to match size of target (3) File: C:/Verilog/FPGA_project/interface.v Line: 154
Warning (10230): Verilog HDL assignment warning at interface.v(231): truncated value with size 32 to match size of target (3) File: C:/Verilog/FPGA_project/interface.v Line: 231
Warning (10230): Verilog HDL assignment warning at interface.v(245): truncated value with size 32 to match size of target (3) File: C:/Verilog/FPGA_project/interface.v Line: 245
Info (13000): Registers with preset signals will power-up high File: C:/Verilog/FPGA_project/segment_driver.v Line: 280
Info (13003): DEV_CLRn pin will set, and not reset, register with preset signal due to NOT Gate Push-Back
Warning (13004): Presettable and clearable registers converted to equivalent circuits with latches. Registers power-up to an undefined state, and DEVCLRn places the registers in an undefined state.
    Warning (13310): Register "segment_driver:SDI|fnd_s[0]" is converted into an equivalent circuit using register "segment_driver:SDI|fnd_s[0]~_emulated" and latch "segment_driver:SDI|fnd_s[0]~1" File: C:/Verilog/FPGA_project/segment_driver.v Line: 280
    Warning (13310): Register "segment_driver:SDI|fnd_s[1]" is converted into an equivalent circuit using register "segment_driver:SDI|fnd_s[1]~_emulated" and latch "segment_driver:SDI|fnd_s[1]~5" File: C:/Verilog/FPGA_project/segment_driver.v Line: 280
    Warning (13310): Register "segment_driver:SDI|fnd_s[2]" is converted into an equivalent circuit using register "segment_driver:SDI|fnd_s[2]~_emulated" and latch "segment_driver:SDI|fnd_s[2]~9" File: C:/Verilog/FPGA_project/segment_driver.v Line: 280
    Warning (13310): Register "segment_driver:SDI|fnd_s[3]" is converted into an equivalent circuit using register "segment_driver:SDI|fnd_s[3]~_emulated" and latch "segment_driver:SDI|fnd_s[3]~13" File: C:/Verilog/FPGA_project/segment_driver.v Line: 280
    Warning (13310): Register "segment_driver:SDI|fnd_s[4]" is converted into an equivalent circuit using register "segment_driver:SDI|fnd_s[4]~_emulated" and latch "segment_driver:SDI|fnd_s[4]~17" File: C:/Verilog/FPGA_project/segment_driver.v Line: 280
    Warning (13310): Register "segment_driver:SDI|fnd_s[5]" is converted into an equivalent circuit using register "segment_driver:SDI|fnd_s[5]~_emulated" and latch "segment_driver:SDI|fnd_s[5]~21" File: C:/Verilog/FPGA_project/segment_driver.v Line: 280
    Warning (13310): Register "segment_driver:SDI|fnd_d[6]" is converted into an equivalent circuit using register "segment_driver:SDI|fnd_d[6]~_emulated" and latch "segment_driver:SDI|fnd_d[6]~1" File: C:/Verilog/FPGA_project/segment_driver.v Line: 280
    Warning (13310): Register "segment_driver:SDI|fnd_cnt[0]" is converted into an equivalent circuit using register "segment_driver:SDI|fnd_cnt[0]~_emulated" and latch "segment_driver:SDI|fnd_cnt[0]~1" File: C:/Verilog/FPGA_project/segment_driver.v Line: 280
    Warning (13310): Register "segment_driver:SDI|fnd_cnt[2]" is converted into an equivalent circuit using register "segment_driver:SDI|fnd_cnt[2]~_emulated" and latch "segment_driver:SDI|fnd_cnt[2]~5" File: C:/Verilog/FPGA_project/segment_driver.v Line: 280
    Warning (13310): Register "segment_driver:SDI|fnd_cnt[1]" is converted into an equivalent circuit using register "segment_driver:SDI|fnd_cnt[1]~_emulated" and latch "segment_driver:SDI|fnd_cnt[1]~9" File: C:/Verilog/FPGA_project/segment_driver.v Line: 280
Warning (13024): Output pins are stuck at VCC or GND
    Warning (13410): Pin "fnd_d[0]" is stuck at GND File: C:/Verilog/FPGA_project/top_calculator.v Line: 7
    Warning (13410): Pin "fnd_d[1]" is stuck at GND File: C:/Verilog/FPGA_project/top_calculator.v Line: 7
    Warning (13410): Pin "fnd_d[2]" is stuck at GND File: C:/Verilog/FPGA_project/top_calculator.v Line: 7
    Warning (13410): Pin "fnd_d[3]" is stuck at GND File: C:/Verilog/FPGA_project/top_calculator.v Line: 7
    Warning (13410): Pin "fnd_d[4]" is stuck at GND File: C:/Verilog/FPGA_project/top_calculator.v Line: 7
    Warning (13410): Pin "fnd_d[5]" is stuck at GND File: C:/Verilog/FPGA_project/top_calculator.v Line: 7
    Warning (13410): Pin "fnd_d[7]" is stuck at GND File: C:/Verilog/FPGA_project/top_calculator.v Line: 7
Info (286030): Timing-Driven Synthesis is running
Info (17049): 26 registers lost all their fanouts during netlist optimizations.
Info (144001): Generated suppressed messages file C:/Verilog/FPGA_project/output_files/top_calculator.map.smsg
Info (16010): Generating hard_block partition "hard_block:auto_generated_inst"
    Info (16011): Adding 0 node(s), including 0 DDIO, 0 PLL, 0 transceiver and 0 LCELL
Warning (21074): Design contains 15 input pin(s) that do not drive logic
    Warning (15610): No output dependent on input pin "pb[0]" File: C:/Verilog/FPGA_project/top_calculator.v Line: 4
    Warning (15610): No output dependent on input pin "pb[1]" File: C:/Verilog/FPGA_project/top_calculator.v Line: 4
    Warning (15610): No output dependent on input pin "pb[2]" File: C:/Verilog/FPGA_project/top_calculator.v Line: 4
    Warning (15610): No output dependent on input pin "pb[3]" File: C:/Verilog/FPGA_project/top_calculator.v Line: 4
    Warning (15610): No output dependent on input pin "pb[4]" File: C:/Verilog/FPGA_project/top_calculator.v Line: 4
    Warning (15610): No output dependent on input pin "pb[5]" File: C:/Verilog/FPGA_project/top_calculator.v Line: 4
    Warning (15610): No output dependent on input pin "pb[6]" File: C:/Verilog/FPGA_project/top_calculator.v Line: 4
    Warning (15610): No output dependent on input pin "pb[7]" File: C:/Verilog/FPGA_project/top_calculator.v Line: 4
    Warning (15610): No output dependent on input pin "pb[8]" File: C:/Verilog/FPGA_project/top_calculator.v Line: 4
    Warning (15610): No output dependent on input pin "pb[9]" File: C:/Verilog/FPGA_project/top_calculator.v Line: 4
    Warning (15610): No output dependent on input pin "pb[10]" File: C:/Verilog/FPGA_project/top_calculator.v Line: 4
    Warning (15610): No output dependent on input pin "pb[11]" File: C:/Verilog/FPGA_project/top_calculator.v Line: 4
    Warning (15610): No output dependent on input pin "pb[13]" File: C:/Verilog/FPGA_project/top_calculator.v Line: 4
    Warning (15610): No output dependent on input pin "pb[14]" File: C:/Verilog/FPGA_project/top_calculator.v Line: 4
    Warning (15610): No output dependent on input pin "pb[15]" File: C:/Verilog/FPGA_project/top_calculator.v Line: 4
Info (21057): Implemented 89 device resources after synthesis - the final resource count might be different
    Info (21058): Implemented 17 input pins
    Info (21059): Implemented 14 output pins
    Info (21061): Implemented 58 logic cells
Info: Quartus Prime Analysis & Synthesis was successful. 0 errors, 64 warnings
    Info: Peak virtual memory: 4748 megabytes
    Info: Processing ended: Thu Dec 21 18:37:01 2023
    Info: Elapsed time: 00:00:16
    Info: Total CPU time (on all processors): 00:00:30


+------------------------------------------+
; Analysis & Synthesis Suppressed Messages ;
+------------------------------------------+
The suppressed messages can be found in C:/Verilog/FPGA_project/output_files/top_calculator.map.smsg.


